16:53:07 [Thread-18-status-spout-executor[7 7]] ERROR org.apache.storm.kafka.DynamicBrokersReader - Node /brokers/ids/0 does not exist 
16:53:07 [Thread-14-trigger-spout-executor[8 8]] ERROR org.apache.storm.kafka.DynamicBrokersReader - Node /brokers/ids/0 does not exist 
16:53:08 [Thread-14-trigger-spout-executor[8 8]] ERROR org.apache.storm.kafka.DynamicBrokersReader - Node /brokers/ids/0 does not exist 
16:53:08 [Thread-18-status-spout-executor[7 7]] ERROR org.apache.storm.kafka.DynamicBrokersReader - Node /brokers/ids/0 does not exist 
16:54:08 [Thread-14-trigger-spout-executor[8 8]] ERROR org.apache.storm.kafka.DynamicBrokersReader - Node /brokers/ids/0 does not exist 
16:54:08 [Thread-18-status-spout-executor[7 7]] ERROR org.apache.storm.kafka.DynamicBrokersReader - Node /brokers/ids/0 does not exist 
16:55:08 [Thread-14-trigger-spout-executor[8 8]] ERROR org.apache.storm.kafka.DynamicBrokersReader - Node /brokers/ids/0 does not exist 
16:55:08 [Thread-18-status-spout-executor[7 7]] ERROR org.apache.storm.kafka.DynamicBrokersReader - Node /brokers/ids/0 does not exist 
16:57:42 [Thread-24-status-bolt-executor[6 6]] DEBUG com.enow.storm.ActionTopology.ProvisioningBolt - Succeed in inserting messages to _jsonObject : 
{"payload":{"brightness":"231","humidity":"60"},"topic":"enow\/serverId1\/brokerId1\/deviceId1"}
16:57:42 [Thread-24-status-bolt-executor[6 6]] DEBUG com.enow.storm.ActionTopology.ProvisioningBolt - input = [source: status-spout:7, stream: default, id: {-3885958403193376495=4735831884603893473}, [{"topic":"enow/serverId1/brokerId1/deviceId1","payload": {"humidity": "60", "brightness": "231"}}]]
16:59:42 [Thread-24-status-bolt-executor[6 6]] DEBUG com.enow.storm.ActionTopology.ProvisioningBolt - Succeed in inserting messages to _jsonObject : 
{"payload":{"brightness":"231","humidity":"60"},"topic":"enow\/serverId1\/brokerId1\/deviceId1"}
16:59:42 [Thread-24-status-bolt-executor[6 6]] DEBUG com.enow.storm.ActionTopology.ProvisioningBolt - input = [source: status-spout:7, stream: default, id: {7729598860576944140=-6515572003965687704}, [{"topic":"enow/serverId1/brokerId1/deviceId1","payload": {"humidity": "60", "brightness": "231"}}]]
17:00:53 [Thread-24-status-bolt-executor[6 6]] DEBUG com.enow.storm.ActionTopology.ProvisioningBolt - Succeed in inserting messages to _jsonObject : 
{"payload":{"brightness":"231","humidity":"60"},"topic":"enow\/serverId1\/brokerId1\/deviceId1"}
17:00:54 [Thread-24-status-bolt-executor[6 6]] DEBUG com.enow.storm.ActionTopology.ProvisioningBolt - input = [source: status-spout:7, stream: default, id: {-7649710021824237711=2242989287402086034}, [{"topic":"enow/serverId1/brokerId1/deviceId1","payload": {"humidity": "60", "brightness": "231"}}]]
17:01:09 [Thread-28-scheduling-bolt-executor[5 5]] DEBUG com.enow.storm.ActionTopology.SchedulingBolt - Entering SchedulingBolt
17:01:09 [Thread-28-scheduling-bolt-executor[5 5]] DEBUG com.enow.storm.ActionTopology.SchedulingBolt - Succeed in inserting messages to _jsonObject : {"roadMapId":"1","incomingNode":[],"payload":{},"lastNode":false,"topic":"enow\/serverId1\/brokerId1\/deviceId1","mapId":"1","outingNode":["11","13"],"previousData":{"2":"value1","4":"value2"},"order":false}
17:01:09 [Thread-28-scheduling-bolt-executor[5 5]] ERROR org.apache.storm.util - Async loop died!
java.lang.RuntimeException: java.lang.IndexOutOfBoundsException: Index: 1, Size: 1
	at org.apache.storm.utils.DisruptorQueue.consumeBatchToCursor(DisruptorQueue.java:464) ~[storm-core-1.0.2.jar:1.0.2]
	at org.apache.storm.utils.DisruptorQueue.consumeBatchWhenAvailable(DisruptorQueue.java:430) ~[storm-core-1.0.2.jar:1.0.2]
	at org.apache.storm.disruptor$consume_batch_when_available.invoke(disruptor.clj:73) ~[storm-core-1.0.2.jar:1.0.2]
	at org.apache.storm.daemon.executor$fn__8058$fn__8071$fn__8124.invoke(executor.clj:850) ~[storm-core-1.0.2.jar:1.0.2]
	at org.apache.storm.util$async_loop$fn__624.invoke(util.clj:484) [storm-core-1.0.2.jar:1.0.2]
	at clojure.lang.AFn.run(AFn.java:22) [clojure-1.7.0.jar:?]
	at java.lang.Thread.run(Thread.java:745) [?:1.8.0_77]
Caused by: java.lang.IndexOutOfBoundsException: Index: 1, Size: 1
	at java.util.ArrayList.rangeCheck(ArrayList.java:653) ~[?:1.8.0_77]
	at java.util.ArrayList.get(ArrayList.java:429) ~[?:1.8.0_77]
	at com.enow.daos.redisDAO.StatusDAO.getStatus(StatusDAO.java:64) ~[classes/:?]
	at com.enow.storm.ActionTopology.SchedulingBolt.execute(SchedulingBolt.java:66) ~[classes/:?]
	at org.apache.storm.daemon.executor$fn__8058$tuple_action_fn__8060.invoke(executor.clj:731) ~[storm-core-1.0.2.jar:1.0.2]
	at org.apache.storm.daemon.executor$mk_task_receiver$fn__7979.invoke(executor.clj:464) ~[storm-core-1.0.2.jar:1.0.2]
	at org.apache.storm.disruptor$clojure_handler$reify__7492.onEvent(disruptor.clj:40) ~[storm-core-1.0.2.jar:1.0.2]
	at org.apache.storm.utils.DisruptorQueue.consumeBatchToCursor(DisruptorQueue.java:451) ~[storm-core-1.0.2.jar:1.0.2]
	... 6 more
17:01:09 [Thread-28-scheduling-bolt-executor[5 5]] ERROR org.apache.storm.daemon.executor - 
java.lang.RuntimeException: java.lang.IndexOutOfBoundsException: Index: 1, Size: 1
	at org.apache.storm.utils.DisruptorQueue.consumeBatchToCursor(DisruptorQueue.java:464) ~[storm-core-1.0.2.jar:1.0.2]
	at org.apache.storm.utils.DisruptorQueue.consumeBatchWhenAvailable(DisruptorQueue.java:430) ~[storm-core-1.0.2.jar:1.0.2]
	at org.apache.storm.disruptor$consume_batch_when_available.invoke(disruptor.clj:73) ~[storm-core-1.0.2.jar:1.0.2]
	at org.apache.storm.daemon.executor$fn__8058$fn__8071$fn__8124.invoke(executor.clj:850) ~[storm-core-1.0.2.jar:1.0.2]
	at org.apache.storm.util$async_loop$fn__624.invoke(util.clj:484) [storm-core-1.0.2.jar:1.0.2]
	at clojure.lang.AFn.run(AFn.java:22) [clojure-1.7.0.jar:?]
	at java.lang.Thread.run(Thread.java:745) [?:1.8.0_77]
Caused by: java.lang.IndexOutOfBoundsException: Index: 1, Size: 1
	at java.util.ArrayList.rangeCheck(ArrayList.java:653) ~[?:1.8.0_77]
	at java.util.ArrayList.get(ArrayList.java:429) ~[?:1.8.0_77]
	at com.enow.daos.redisDAO.StatusDAO.getStatus(StatusDAO.java:64) ~[classes/:?]
	at com.enow.storm.ActionTopology.SchedulingBolt.execute(SchedulingBolt.java:66) ~[classes/:?]
	at org.apache.storm.daemon.executor$fn__8058$tuple_action_fn__8060.invoke(executor.clj:731) ~[storm-core-1.0.2.jar:1.0.2]
	at org.apache.storm.daemon.executor$mk_task_receiver$fn__7979.invoke(executor.clj:464) ~[storm-core-1.0.2.jar:1.0.2]
	at org.apache.storm.disruptor$clojure_handler$reify__7492.onEvent(disruptor.clj:40) ~[storm-core-1.0.2.jar:1.0.2]
	at org.apache.storm.utils.DisruptorQueue.consumeBatchToCursor(DisruptorQueue.java:451) ~[storm-core-1.0.2.jar:1.0.2]
	... 6 more
17:01:09 [Thread-28-scheduling-bolt-executor[5 5]] ERROR org.apache.storm.util - Halting process: ("Worker died")
java.lang.RuntimeException: ("Worker died")
	at org.apache.storm.util$exit_process_BANG_.doInvoke(util.clj:341) [storm-core-1.0.2.jar:1.0.2]
	at clojure.lang.RestFn.invoke(RestFn.java:423) [clojure-1.7.0.jar:?]
	at org.apache.storm.daemon.worker$fn__8659$fn__8660.invoke(worker.clj:761) [storm-core-1.0.2.jar:1.0.2]
	at org.apache.storm.daemon.executor$mk_executor_data$fn__7875$fn__7876.invoke(executor.clj:274) [storm-core-1.0.2.jar:1.0.2]
	at org.apache.storm.util$async_loop$fn__624.invoke(util.clj:494) [storm-core-1.0.2.jar:1.0.2]
	at clojure.lang.AFn.run(AFn.java:22) [clojure-1.7.0.jar:?]
	at java.lang.Thread.run(Thread.java:745) [?:1.8.0_77]
17:02:39 [Thread-28-scheduling-bolt-executor[5 5]] DEBUG com.enow.storm.ActionTopology.SchedulingBolt - Entering SchedulingBolt
17:02:39 [Thread-28-scheduling-bolt-executor[5 5]] DEBUG com.enow.storm.ActionTopology.SchedulingBolt - Succeed in inserting messages to _jsonObject : {"roadMapId":"1","incomingNode":[],"payload":{},"lastNode":false,"topic":"enow\/serverId1\/brokerId1\/deviceId1","mapId":"1","outingNode":["11","13"],"previousData":{"2":"value1","4":"value2"},"order":false}
17:02:39 [Thread-28-scheduling-bolt-executor[5 5]] ERROR org.apache.storm.util - Async loop died!
java.lang.RuntimeException: java.lang.IndexOutOfBoundsException: Index: 1, Size: 1
	at org.apache.storm.utils.DisruptorQueue.consumeBatchToCursor(DisruptorQueue.java:464) ~[storm-core-1.0.2.jar:1.0.2]
	at org.apache.storm.utils.DisruptorQueue.consumeBatchWhenAvailable(DisruptorQueue.java:430) ~[storm-core-1.0.2.jar:1.0.2]
	at org.apache.storm.disruptor$consume_batch_when_available.invoke(disruptor.clj:73) ~[storm-core-1.0.2.jar:1.0.2]
	at org.apache.storm.daemon.executor$fn__8058$fn__8071$fn__8124.invoke(executor.clj:850) ~[storm-core-1.0.2.jar:1.0.2]
	at org.apache.storm.util$async_loop$fn__624.invoke(util.clj:484) [storm-core-1.0.2.jar:1.0.2]
	at clojure.lang.AFn.run(AFn.java:22) [clojure-1.7.0.jar:?]
	at java.lang.Thread.run(Thread.java:745) [?:1.8.0_77]
Caused by: java.lang.IndexOutOfBoundsException: Index: 1, Size: 1
	at java.util.ArrayList.rangeCheck(ArrayList.java:653) ~[?:1.8.0_77]
	at java.util.ArrayList.get(ArrayList.java:429) ~[?:1.8.0_77]
	at com.enow.daos.redisDAO.StatusDAO.getStatus(StatusDAO.java:64) ~[classes/:?]
	at com.enow.storm.ActionTopology.SchedulingBolt.execute(SchedulingBolt.java:66) ~[classes/:?]
	at org.apache.storm.daemon.executor$fn__8058$tuple_action_fn__8060.invoke(executor.clj:731) ~[storm-core-1.0.2.jar:1.0.2]
	at org.apache.storm.daemon.executor$mk_task_receiver$fn__7979.invoke(executor.clj:464) ~[storm-core-1.0.2.jar:1.0.2]
	at org.apache.storm.disruptor$clojure_handler$reify__7492.onEvent(disruptor.clj:40) ~[storm-core-1.0.2.jar:1.0.2]
	at org.apache.storm.utils.DisruptorQueue.consumeBatchToCursor(DisruptorQueue.java:451) ~[storm-core-1.0.2.jar:1.0.2]
	... 6 more
17:02:39 [Thread-28-scheduling-bolt-executor[5 5]] ERROR org.apache.storm.daemon.executor - 
java.lang.RuntimeException: java.lang.IndexOutOfBoundsException: Index: 1, Size: 1
	at org.apache.storm.utils.DisruptorQueue.consumeBatchToCursor(DisruptorQueue.java:464) ~[storm-core-1.0.2.jar:1.0.2]
	at org.apache.storm.utils.DisruptorQueue.consumeBatchWhenAvailable(DisruptorQueue.java:430) ~[storm-core-1.0.2.jar:1.0.2]
	at org.apache.storm.disruptor$consume_batch_when_available.invoke(disruptor.clj:73) ~[storm-core-1.0.2.jar:1.0.2]
	at org.apache.storm.daemon.executor$fn__8058$fn__8071$fn__8124.invoke(executor.clj:850) ~[storm-core-1.0.2.jar:1.0.2]
	at org.apache.storm.util$async_loop$fn__624.invoke(util.clj:484) [storm-core-1.0.2.jar:1.0.2]
	at clojure.lang.AFn.run(AFn.java:22) [clojure-1.7.0.jar:?]
	at java.lang.Thread.run(Thread.java:745) [?:1.8.0_77]
Caused by: java.lang.IndexOutOfBoundsException: Index: 1, Size: 1
	at java.util.ArrayList.rangeCheck(ArrayList.java:653) ~[?:1.8.0_77]
	at java.util.ArrayList.get(ArrayList.java:429) ~[?:1.8.0_77]
	at com.enow.daos.redisDAO.StatusDAO.getStatus(StatusDAO.java:64) ~[classes/:?]
	at com.enow.storm.ActionTopology.SchedulingBolt.execute(SchedulingBolt.java:66) ~[classes/:?]
	at org.apache.storm.daemon.executor$fn__8058$tuple_action_fn__8060.invoke(executor.clj:731) ~[storm-core-1.0.2.jar:1.0.2]
	at org.apache.storm.daemon.executor$mk_task_receiver$fn__7979.invoke(executor.clj:464) ~[storm-core-1.0.2.jar:1.0.2]
	at org.apache.storm.disruptor$clojure_handler$reify__7492.onEvent(disruptor.clj:40) ~[storm-core-1.0.2.jar:1.0.2]
	at org.apache.storm.utils.DisruptorQueue.consumeBatchToCursor(DisruptorQueue.java:451) ~[storm-core-1.0.2.jar:1.0.2]
	... 6 more
17:02:39 [Thread-28-scheduling-bolt-executor[5 5]] ERROR org.apache.storm.util - Halting process: ("Worker died")
java.lang.RuntimeException: ("Worker died")
	at org.apache.storm.util$exit_process_BANG_.doInvoke(util.clj:341) [storm-core-1.0.2.jar:1.0.2]
	at clojure.lang.RestFn.invoke(RestFn.java:423) [clojure-1.7.0.jar:?]
	at org.apache.storm.daemon.worker$fn__8659$fn__8660.invoke(worker.clj:761) [storm-core-1.0.2.jar:1.0.2]
	at org.apache.storm.daemon.executor$mk_executor_data$fn__7875$fn__7876.invoke(executor.clj:274) [storm-core-1.0.2.jar:1.0.2]
	at org.apache.storm.util$async_loop$fn__624.invoke(util.clj:494) [storm-core-1.0.2.jar:1.0.2]
	at clojure.lang.AFn.run(AFn.java:22) [clojure-1.7.0.jar:?]
	at java.lang.Thread.run(Thread.java:745) [?:1.8.0_77]
17:03:36 [Thread-28-scheduling-bolt-executor[5 5]] DEBUG com.enow.storm.ActionTopology.SchedulingBolt - Entering SchedulingBolt
17:03:36 [Thread-28-scheduling-bolt-executor[5 5]] DEBUG com.enow.storm.ActionTopology.SchedulingBolt - Succeed in inserting messages to _jsonObject : {"roadMapId":"1","incomingNode":[],"payload":{},"lastNode":false,"topic":"enow\/serverId1\/brokerId1\/deviceId1","mapId":"1","outingNode":["11","13"],"previousData":{"2":"value1","4":"value2"},"order":false}
17:03:36 [Thread-28-scheduling-bolt-executor[5 5]] DEBUG com.enow.storm.ActionTopology.SchedulingBolt - Succeed in inserting status to _jsonObject : {"roadMapId":"1","incomingNode":[],"payload":{"brightness":"231","humidity":"60"},"lastNode":false,"topic":"enow\/serverId1\/brokerId1\/deviceId1","mapId":"1","outingNode":["11","13"],"previousData":{"2":"value1","4":"value2"},"order":false}
17:03:36 [Thread-28-scheduling-bolt-executor[5 5]] DEBUG com.enow.storm.ActionTopology.SchedulingBolt - Succeed in inserting previousData to _jsonObject : {}
17:03:36 [Thread-28-scheduling-bolt-executor[5 5]] DEBUG com.enow.storm.ActionTopology.SchedulingBolt - input = [source: trigger-spout:8, stream: default, id: {-1624172702554047747=7607480145079228537}, [{"topic":"enow/serverId1/brokerId1/deviceId1","roadMapId":"1","mapId":"1","incomingNode":[],"outingNode":["11", "13"],"previousData":{"2" : "value1", "4" : "value2"},"payload": {},"lastNode":false,"order":false}]]
17:03:36 [Thread-20-executing-bolt-executor[3 3]] DEBUG com.enow.storm.ActionTopology.ProvisioningBolt - input = [source: scheduling-bolt:5, stream: default, id: {}, [{"roadMapId":"1","incomingNode":[],"payload":{"brightness":"231","humidity":"60"},"lastNode":false,"topic":"enow\/serverId1\/brokerId1\/deviceId1","mapId":"1","message":{"succeed":"great!"},"outingNode":["11","13"],"previousData":{},"order":false}]]
17:03:36 [Thread-30-provisioning-bolt-executor[4 4]] DEBUG com.enow.storm.ActionTopology.ProvisioningBolt - input = [source: executing-bolt:3, stream: default, id: {}, [{"roadMapId":"1","incomingNode":[],"payload":{"brightness":"231","humidity":"60"},"lastNode":false,"topic":"enow\/serverId1\/brokerId1\/deviceId1","mapId":"1","message":{"succeed":"great!"},"outingNode":["11","13"],"previousData":{},"order":false}]]
17:03:36 [Thread-16-calling-feed-bolt-executor[2 2]] DEBUG com.enow.storm.ActionTopology.CallingFeedBolt - input = [source: provisioning-bolt:4, stream: default, id: {}, [{"roadMapId":"1","incomingNode":[],"payload":{"brightness":"231","humidity":"60"},"lastNode":false,"topic":"enow\/serverId1\/brokerId1\/deviceId1","mapId":"1","message":{"succeed":"great!"},"outingNode":["11","13"],"previousData":{},"order":false}]]
17:08:39 [Thread-28-scheduling-bolt-executor[5 5]] DEBUG com.enow.storm.ActionTopology.SchedulingBolt - Entering SchedulingBolt
17:08:39 [Thread-28-scheduling-bolt-executor[5 5]] DEBUG com.enow.storm.ActionTopology.SchedulingBolt - Succeed in inserting messages to _jsonObject : {"roadMapId":"1","incomingNode":[],"payload":{},"lastNode":false,"topic":"enow\/serverId1\/brokerId1\/deviceId1","mapId":"1","outingNode":["11","13"],"previousData":{"2":"value1","4":"value2"},"order":false}
17:08:39 [Thread-28-scheduling-bolt-executor[5 5]] DEBUG com.enow.storm.ActionTopology.SchedulingBolt - Succeed in inserting status to _jsonObject : {"roadMapId":"1","incomingNode":[],"payload":{"brightness":"231","humidity":"60"},"lastNode":false,"topic":"enow\/serverId1\/brokerId1\/deviceId1","mapId":"1","outingNode":["11","13"],"previousData":{"2":"value1","4":"value2"},"order":false}
17:08:39 [Thread-28-scheduling-bolt-executor[5 5]] DEBUG com.enow.storm.ActionTopology.SchedulingBolt - Succeed in inserting previousData to _jsonObject : {}
17:08:39 [Thread-28-scheduling-bolt-executor[5 5]] DEBUG com.enow.storm.ActionTopology.SchedulingBolt - input = [source: trigger-spout:8, stream: default, id: {-3598769395879721761=-3996887166239324470}, [{"topic":"enow/serverId1/brokerId1/deviceId1","roadMapId":"1","mapId":"1","incomingNode":[],"outingNode":["11", "13"],"previousData":{"2" : "value1", "4" : "value2"},"payload": {},"lastNode":false,"order":false}]]
17:08:39 [Thread-20-executing-bolt-executor[3 3]] DEBUG com.enow.storm.ActionTopology.ProvisioningBolt - input = [source: scheduling-bolt:5, stream: default, id: {}, [{"roadMapId":"1","incomingNode":[],"payload":{"brightness":"231","humidity":"60"},"lastNode":false,"topic":"enow\/serverId1\/brokerId1\/deviceId1","mapId":"1","message":{"succeed":"great!"},"outingNode":["11","13"],"previousData":{},"order":false}]]
17:08:39 [Thread-30-provisioning-bolt-executor[4 4]] DEBUG com.enow.storm.ActionTopology.ProvisioningBolt - input = [source: executing-bolt:3, stream: default, id: {}, [{"roadMapId":"1","incomingNode":[],"payload":{"brightness":"231","humidity":"60"},"lastNode":false,"topic":"enow\/serverId1\/brokerId1\/deviceId1","mapId":"1","message":{"succeed":"great!"},"outingNode":["11","13"],"previousData":{},"order":false}]]
17:08:39 [Thread-16-calling-feed-bolt-executor[2 2]] DEBUG com.enow.storm.ActionTopology.CallingFeedBolt - input = [source: provisioning-bolt:4, stream: default, id: {}, [{"roadMapId":"1","incomingNode":[],"payload":{"brightness":"231","humidity":"60"},"lastNode":false,"topic":"enow\/serverId1\/brokerId1\/deviceId1","mapId":"1","message":{"succeed":"great!"},"outingNode":["11","13"],"previousData":{},"order":false}]]
17:09:56 [Thread-28-scheduling-bolt-executor[5 5]] DEBUG com.enow.storm.ActionTopology.SchedulingBolt - Entering SchedulingBolt
17:09:56 [Thread-28-scheduling-bolt-executor[5 5]] DEBUG com.enow.storm.ActionTopology.SchedulingBolt - Succeed in inserting messages to _jsonObject : {"roadMapId":"1","incomingNode":[],"payload":{},"lastNode":false,"topic":"enow\/serverId1\/brokerId1\/deviceId1","mapId":"1","outingNode":["11","13"],"previousData":{"2":"value1","4":"value2"},"order":false}
17:09:56 [Thread-28-scheduling-bolt-executor[5 5]] DEBUG com.enow.storm.ActionTopology.SchedulingBolt - Succeed in inserting status to _jsonObject : {"roadMapId":"1","incomingNode":[],"payload":{"brightness":"231","humidity":"60"},"lastNode":false,"topic":"enow\/serverId1\/brokerId1\/deviceId1","mapId":"1","outingNode":["11","13"],"previousData":{"2":"value1","4":"value2"},"order":false}
17:09:56 [Thread-28-scheduling-bolt-executor[5 5]] DEBUG com.enow.storm.ActionTopology.SchedulingBolt - Succeed in inserting previousData to _jsonObject : {}
17:09:56 [Thread-28-scheduling-bolt-executor[5 5]] DEBUG com.enow.storm.ActionTopology.SchedulingBolt - input = [source: trigger-spout:8, stream: default, id: {-1886725503752916102=-3280667815308806701}, [{"topic":"enow/serverId1/brokerId1/deviceId1","roadMapId":"1","mapId":"1","incomingNode":[],"outingNode":["11", "13"],"previousData":{"2" : "value1", "4" : "value2"},"payload": {},"lastNode":false,"order":false}]]
17:09:56 [Thread-20-executing-bolt-executor[3 3]] DEBUG com.enow.storm.ActionTopology.ProvisioningBolt - input = [source: scheduling-bolt:5, stream: default, id: {}, [{"roadMapId":"1","incomingNode":[],"payload":{"brightness":"231","humidity":"60"},"lastNode":false,"topic":"enow\/serverId1\/brokerId1\/deviceId1","mapId":"1","message":{"succeed":"great!"},"outingNode":["11","13"],"previousData":{},"order":false}]]
17:09:56 [Thread-30-provisioning-bolt-executor[4 4]] DEBUG com.enow.storm.ActionTopology.ProvisioningBolt - input = [source: executing-bolt:3, stream: default, id: {}, [{"roadMapId":"1","incomingNode":[],"payload":{"brightness":"231","humidity":"60"},"lastNode":false,"topic":"enow\/serverId1\/brokerId1\/deviceId1","mapId":"1","message":{"succeed":"great!"},"outingNode":["11","13"],"previousData":{},"order":false}]]
17:09:57 [Thread-16-calling-feed-bolt-executor[2 2]] DEBUG com.enow.storm.ActionTopology.CallingFeedBolt - input = [source: provisioning-bolt:4, stream: default, id: {}, [{"roadMapId":"1","incomingNode":[],"payload":{"brightness":"231","humidity":"60"},"lastNode":false,"topic":"enow\/serverId1\/brokerId1\/deviceId1","mapId":"13","message":{"succeed":"great!"},"outingNode":["11","13"],"previousData":{},"order":false}]]
18:09:41 [Thread-18-status-spout-executor[7 7]] ERROR org.apache.storm.kafka.DynamicBrokersReader - Node /brokers/ids/0 does not exist 
18:09:41 [Thread-14-trigger-spout-executor[8 8]] ERROR org.apache.storm.kafka.DynamicBrokersReader - Node /brokers/ids/0 does not exist 
18:09:41 [Thread-18-status-spout-executor[7 7]] ERROR org.apache.storm.kafka.DynamicBrokersReader - Node /brokers/ids/0 does not exist 
18:09:42 [Thread-14-trigger-spout-executor[8 8]] ERROR org.apache.storm.kafka.DynamicBrokersReader - Node /brokers/ids/0 does not exist 
18:10:57 [Thread-28-scheduling-bolt-executor[5 5]] DEBUG com.enow.storm.ActionTopology.SchedulingBolt - Entering SchedulingBolt
18:10:57 [Thread-28-scheduling-bolt-executor[5 5]] DEBUG com.enow.storm.ActionTopology.SchedulingBolt - Succeed in inserting messages to _jsonObject : {"roadMapId":"1","incomingNode":[],"payload":{},"lastNode":false,"topic":"enow\/serverId1\/brokerId1\/deviceId1","mapId":"1","outingNode":["11","13"],"previousData":{"2":"value1","4":"value2"},"order":false}
18:10:57 [Thread-28-scheduling-bolt-executor[5 5]] DEBUG com.enow.storm.ActionTopology.SchedulingBolt - Succeed in inserting status to _jsonObject : {"roadMapId":"1","incomingNode":[],"payload":{"brightness":"231","humidity":"60"},"lastNode":false,"topic":"enow\/serverId1\/brokerId1\/deviceId1","mapId":"1","outingNode":["11","13"],"previousData":{"2":"value1","4":"value2"},"order":false}
18:10:57 [Thread-28-scheduling-bolt-executor[5 5]] DEBUG com.enow.storm.ActionTopology.SchedulingBolt - Succeed in inserting previousData to _jsonObject : {}
18:10:57 [Thread-28-scheduling-bolt-executor[5 5]] WARN  com.enow.storm.ActionTopology.SchedulingBolt - Succeed in inserting current node to Redis : 1-1 overwrited
18:10:57 [Thread-28-scheduling-bolt-executor[5 5]] DEBUG com.enow.storm.ActionTopology.SchedulingBolt - input = [source: trigger-spout:8, stream: default, id: {-2309245486106139450=-7965939137305506681}, [{"topic":"enow/serverId1/brokerId1/deviceId1","roadMapId":"1","mapId":"1","incomingNode":[],"outingNode":["11", "13"],"previousData":{"2" : "value1", "4" : "value2"},"payload": {},"lastNode":false,"order":false}]]
18:10:57 [Thread-20-executing-bolt-executor[3 3]] ERROR org.apache.storm.util - Async loop died!
java.lang.RuntimeException: java.lang.NullPointerException
	at org.apache.storm.utils.DisruptorQueue.consumeBatchToCursor(DisruptorQueue.java:464) ~[storm-core-1.0.2.jar:1.0.2]
	at org.apache.storm.utils.DisruptorQueue.consumeBatchWhenAvailable(DisruptorQueue.java:430) ~[storm-core-1.0.2.jar:1.0.2]
	at org.apache.storm.disruptor$consume_batch_when_available.invoke(disruptor.clj:73) ~[storm-core-1.0.2.jar:1.0.2]
	at org.apache.storm.daemon.executor$fn__8058$fn__8071$fn__8124.invoke(executor.clj:850) ~[storm-core-1.0.2.jar:1.0.2]
	at org.apache.storm.util$async_loop$fn__624.invoke(util.clj:484) [storm-core-1.0.2.jar:1.0.2]
	at clojure.lang.AFn.run(AFn.java:22) [clojure-1.7.0.jar:?]
	at java.lang.Thread.run(Thread.java:745) [?:1.8.0_77]
Caused by: java.lang.NullPointerException
	at com.enow.storm.ActionTopology.ExecutingBolt.execute(ExecutingBolt.java:55) ~[classes/:?]
	at org.apache.storm.daemon.executor$fn__8058$tuple_action_fn__8060.invoke(executor.clj:731) ~[storm-core-1.0.2.jar:1.0.2]
	at org.apache.storm.daemon.executor$mk_task_receiver$fn__7979.invoke(executor.clj:464) ~[storm-core-1.0.2.jar:1.0.2]
	at org.apache.storm.disruptor$clojure_handler$reify__7492.onEvent(disruptor.clj:40) ~[storm-core-1.0.2.jar:1.0.2]
	at org.apache.storm.utils.DisruptorQueue.consumeBatchToCursor(DisruptorQueue.java:451) ~[storm-core-1.0.2.jar:1.0.2]
	... 6 more
18:10:57 [Thread-20-executing-bolt-executor[3 3]] ERROR org.apache.storm.daemon.executor - 
java.lang.RuntimeException: java.lang.NullPointerException
	at org.apache.storm.utils.DisruptorQueue.consumeBatchToCursor(DisruptorQueue.java:464) ~[storm-core-1.0.2.jar:1.0.2]
	at org.apache.storm.utils.DisruptorQueue.consumeBatchWhenAvailable(DisruptorQueue.java:430) ~[storm-core-1.0.2.jar:1.0.2]
	at org.apache.storm.disruptor$consume_batch_when_available.invoke(disruptor.clj:73) ~[storm-core-1.0.2.jar:1.0.2]
	at org.apache.storm.daemon.executor$fn__8058$fn__8071$fn__8124.invoke(executor.clj:850) ~[storm-core-1.0.2.jar:1.0.2]
	at org.apache.storm.util$async_loop$fn__624.invoke(util.clj:484) [storm-core-1.0.2.jar:1.0.2]
	at clojure.lang.AFn.run(AFn.java:22) [clojure-1.7.0.jar:?]
	at java.lang.Thread.run(Thread.java:745) [?:1.8.0_77]
Caused by: java.lang.NullPointerException
	at com.enow.storm.ActionTopology.ExecutingBolt.execute(ExecutingBolt.java:55) ~[classes/:?]
	at org.apache.storm.daemon.executor$fn__8058$tuple_action_fn__8060.invoke(executor.clj:731) ~[storm-core-1.0.2.jar:1.0.2]
	at org.apache.storm.daemon.executor$mk_task_receiver$fn__7979.invoke(executor.clj:464) ~[storm-core-1.0.2.jar:1.0.2]
	at org.apache.storm.disruptor$clojure_handler$reify__7492.onEvent(disruptor.clj:40) ~[storm-core-1.0.2.jar:1.0.2]
	at org.apache.storm.utils.DisruptorQueue.consumeBatchToCursor(DisruptorQueue.java:451) ~[storm-core-1.0.2.jar:1.0.2]
	... 6 more
18:10:57 [Thread-20-executing-bolt-executor[3 3]] ERROR org.apache.storm.util - Halting process: ("Worker died")
java.lang.RuntimeException: ("Worker died")
	at org.apache.storm.util$exit_process_BANG_.doInvoke(util.clj:341) [storm-core-1.0.2.jar:1.0.2]
	at clojure.lang.RestFn.invoke(RestFn.java:423) [clojure-1.7.0.jar:?]
	at org.apache.storm.daemon.worker$fn__8659$fn__8660.invoke(worker.clj:761) [storm-core-1.0.2.jar:1.0.2]
	at org.apache.storm.daemon.executor$mk_executor_data$fn__7875$fn__7876.invoke(executor.clj:274) [storm-core-1.0.2.jar:1.0.2]
	at org.apache.storm.util$async_loop$fn__624.invoke(util.clj:494) [storm-core-1.0.2.jar:1.0.2]
	at clojure.lang.AFn.run(AFn.java:22) [clojure-1.7.0.jar:?]
	at java.lang.Thread.run(Thread.java:745) [?:1.8.0_77]
18:12:32 [Thread-28-scheduling-bolt-executor[5 5]] DEBUG com.enow.storm.ActionTopology.SchedulingBolt - Entering SchedulingBolt
18:12:32 [Thread-28-scheduling-bolt-executor[5 5]] DEBUG com.enow.storm.ActionTopology.SchedulingBolt - Succeed in inserting messages to _jsonObject : {"roadMapId":"1","incomingNode":[],"varified":false,"payload":{},"lastNode":false,"topic":"enow\/serverId1\/brokerId1\/deviceId1","mapId":"1","outingNode":["11","13"],"previousData":{"2":"value1","4":"value2"},"order":false}
18:12:32 [Thread-28-scheduling-bolt-executor[5 5]] DEBUG com.enow.storm.ActionTopology.SchedulingBolt - Succeed in inserting status to _jsonObject : {"roadMapId":"1","incomingNode":[],"varified":false,"payload":{"brightness":"231","humidity":"60"},"lastNode":false,"topic":"enow\/serverId1\/brokerId1\/deviceId1","mapId":"1","outingNode":["11","13"],"previousData":{"2":"value1","4":"value2"},"order":false}
18:12:32 [Thread-28-scheduling-bolt-executor[5 5]] DEBUG com.enow.storm.ActionTopology.SchedulingBolt - Succeed in inserting previousData to _jsonObject : {}
18:12:32 [Thread-28-scheduling-bolt-executor[5 5]] WARN  com.enow.storm.ActionTopology.SchedulingBolt - Succeed in inserting current node to Redis : 1-1 overwrited
18:12:32 [Thread-28-scheduling-bolt-executor[5 5]] DEBUG com.enow.storm.ActionTopology.SchedulingBolt - input = [source: trigger-spout:8, stream: default, id: {1687124512535776946=3576382961727104707}, [{"topic":"enow/serverId1/brokerId1/deviceId1","roadMapId":"1","mapId":"1","incomingNode":[],"outingNode":["11", "13"],"previousData":{"2" : "value1", "4" : "value2"},"payload": {},"lastNode":false,"order":false,"varified":false}]]
18:12:32 [Thread-20-executing-bolt-executor[3 3]] DEBUG com.enow.storm.ActionTopology.ProvisioningBolt - input = [source: scheduling-bolt:5, stream: default, id: {}, [{"roadMapId":"1","incomingNode":[],"varified":false,"payload":{"brightness":"231","humidity":"60"},"lastNode":false,"topic":"enow\/serverId1\/brokerId1\/deviceId1","mapId":"1","outingNode":["11","13"],"previousData":{},"order":false}]]
18:12:32 [Thread-30-provisioning-bolt-executor[4 4]] DEBUG com.enow.storm.ActionTopology.ProvisioningBolt - input = [source: executing-bolt:3, stream: default, id: {}, [{"roadMapId":"1","incomingNode":[],"varified":false,"payload":{"brightness":"231","humidity":"60"},"lastNode":false,"topic":"enow\/serverId1\/brokerId1\/deviceId1","mapId":"1","outingNode":["11","13"],"previousData":{},"order":false}]]
18:12:32 [Thread-16-calling-feed-bolt-executor[2 2]] DEBUG com.enow.storm.ActionTopology.CallingFeedBolt - input = [source: provisioning-bolt:4, stream: default, id: {}, [{"roadMapId":"1","incomingNode":[],"varified":false,"payload":{"brightness":"231","humidity":"60"},"lastNode":false,"topic":"enow\/serverId1\/brokerId1\/deviceId1","mapId":"1","outingNode":["11","13"],"previousData":{},"order":false}]]
18:17:12 [Thread-28-scheduling-bolt-executor[5 5]] DEBUG com.enow.storm.ActionTopology.SchedulingBolt - Entering SchedulingBolt
18:17:12 [Thread-28-scheduling-bolt-executor[5 5]] DEBUG com.enow.storm.ActionTopology.SchedulingBolt - Succeed in inserting messages to _jsonObject : {"roadMapId":"1","incomingNode":[],"varified":false,"payload":{},"lastNode":false,"topic":"enow\/serverId1\/brokerId1\/deviceId1","mapId":"1","outingNode":["11","13"],"previousData":{"2":"value1","4":"value2"},"order":false}
18:17:12 [Thread-28-scheduling-bolt-executor[5 5]] DEBUG com.enow.storm.ActionTopology.SchedulingBolt - Succeed in inserting status to _jsonObject : {"roadMapId":"1","incomingNode":[],"varified":false,"payload":{"brightness":"231","humidity":"60"},"lastNode":false,"topic":"enow\/serverId1\/brokerId1\/deviceId1","mapId":"1","outingNode":["11","13"],"previousData":{"2":"value1","4":"value2"},"order":false}
18:17:12 [Thread-28-scheduling-bolt-executor[5 5]] DEBUG com.enow.storm.ActionTopology.SchedulingBolt - Succeed in inserting previousData to _jsonObject : {}
18:17:12 [Thread-28-scheduling-bolt-executor[5 5]] WARN  com.enow.storm.ActionTopology.SchedulingBolt - Succeed in inserting current node to Redis : 1-1 overwrited
18:17:12 [Thread-28-scheduling-bolt-executor[5 5]] DEBUG com.enow.storm.ActionTopology.SchedulingBolt - input = [source: trigger-spout:8, stream: default, id: {-1718251483103259209=1345082183572490586}, [{"topic":"enow/serverId1/brokerId1/deviceId1","roadMapId":"1","mapId":"1","incomingNode":[],"outingNode":["11", "13"],"previousData":{"2" : "value1", "4" : "value2"},"payload": {},"lastNode":false,"order":false,"varified":false}]]
18:17:12 [Thread-20-executing-bolt-executor[3 3]] DEBUG com.enow.storm.ActionTopology.ProvisioningBolt - input = [source: scheduling-bolt:5, stream: default, id: {}, [{"roadMapId":"1","incomingNode":[],"varified":false,"payload":{"brightness":"231","humidity":"60"},"lastNode":false,"topic":"enow\/serverId1\/brokerId1\/deviceId1","mapId":"1","outingNode":["11","13"],"previousData":{},"order":false}]]
18:17:12 [Thread-30-provisioning-bolt-executor[4 4]] DEBUG com.enow.storm.ActionTopology.ProvisioningBolt - input = [source: executing-bolt:3, stream: default, id: {}, [{"roadMapId":"1","incomingNode":[],"varified":false,"payload":{"brightness":"231","humidity":"60"},"lastNode":false,"topic":"enow\/serverId1\/brokerId1\/deviceId1","mapId":"1","outingNode":["11","13"],"previousData":{},"order":false}]]
18:17:12 [Thread-16-calling-feed-bolt-executor[2 2]] DEBUG com.enow.storm.ActionTopology.CallingFeedBolt - input = [source: provisioning-bolt:4, stream: default, id: {}, [{"roadMapId":"1","incomingNode":[],"varified":false,"payload":{"brightness":"231","humidity":"60"},"lastNode":false,"topic":"enow\/serverId1\/brokerId1\/deviceId1","mapId":"1","outingNode":["11","13"],"previousData":{},"order":false}]]
18:24:22 [Thread-28-scheduling-bolt-executor[5 5]] DEBUG com.enow.storm.ActionTopology.SchedulingBolt - Entering SchedulingBolt
18:24:22 [Thread-28-scheduling-bolt-executor[5 5]] DEBUG com.enow.storm.ActionTopology.SchedulingBolt - Succeed in inserting messages to _jsonObject : {"roadMapId":"1","incomingNode":[],"varified":false,"payload":{},"lastNode":false,"topic":"enow\/serverId1\/brokerId1\/deviceId1","mapId":"1","outingNode":["11","13"],"previousData":{"2":"value1","4":"value2"},"order":false}
18:24:22 [Thread-28-scheduling-bolt-executor[5 5]] DEBUG com.enow.storm.ActionTopology.SchedulingBolt - Succeed in inserting status to _jsonObject : {"roadMapId":"1","incomingNode":[],"varified":false,"payload":{"brightness":"231","humidity":"60"},"lastNode":false,"topic":"enow\/serverId1\/brokerId1\/deviceId1","mapId":"1","outingNode":["11","13"],"previousData":{"2":"value1","4":"value2"},"order":false}
18:24:22 [Thread-28-scheduling-bolt-executor[5 5]] DEBUG com.enow.storm.ActionTopology.SchedulingBolt - Succeed in inserting previousData to _jsonObject : {}
18:24:22 [Thread-28-scheduling-bolt-executor[5 5]] DEBUG com.enow.storm.ActionTopology.SchedulingBolt - input = [source: trigger-spout:8, stream: default, id: {4654516203044973447=-6019855690664668044}, [{"topic":"enow/serverId1/brokerId1/deviceId1","roadMapId":"1","mapId":"1","incomingNode":[],"outingNode":["11", "13"],"previousData":{"2" : "value1", "4" : "value2"},"payload": {},"lastNode":false,"order":false,"varified":false}]]
18:24:22 [Thread-20-executing-bolt-executor[3 3]] DEBUG com.enow.storm.ActionTopology.ProvisioningBolt - input = [source: scheduling-bolt:5, stream: default, id: {}, [{"roadMapId":"1","incomingNode":[],"varified":false,"payload":{"brightness":"231","humidity":"60"},"lastNode":false,"topic":"enow\/serverId1\/brokerId1\/deviceId1","mapId":"1","outingNode":["11","13"],"previousData":{},"order":false}]]
18:24:22 [Thread-30-provisioning-bolt-executor[4 4]] DEBUG com.enow.storm.ActionTopology.ProvisioningBolt - input = [source: executing-bolt:3, stream: default, id: {}, [{"roadMapId":"1","incomingNode":[],"varified":false,"payload":{"brightness":"231","humidity":"60"},"lastNode":false,"topic":"enow\/serverId1\/brokerId1\/deviceId1","mapId":"1","outingNode":["11","13"],"previousData":{},"order":false}]]
18:24:22 [Thread-16-calling-feed-bolt-executor[2 2]] DEBUG com.enow.storm.ActionTopology.CallingFeedBolt - input = [source: provisioning-bolt:4, stream: default, id: {}, [{"roadMapId":"1","incomingNode":[],"varified":false,"payload":{"brightness":"231","humidity":"60"},"lastNode":false,"topic":"enow\/serverId1\/brokerId1\/deviceId1","mapId":"1","outingNode":["11","13"],"previousData":{},"order":false}]]
18:27:46 [timer] ERROR org.apache.storm.blobstore.BlobStoreUtils - Could not update the blob with keyActionTopology-1-1474017851-stormconf.ser
18:27:46 [timer] ERROR org.apache.storm.blobstore.BlobStoreUtils - Could not update the blob with keyActionTopology-1-1474017851-stormcode.ser
18:27:46 [timer] ERROR org.apache.storm.blobstore.BlobStoreUtils - Could not update the blob with keyActionTopology-1-1474017851-stormconf.ser
18:27:46 [timer] ERROR org.apache.storm.blobstore.BlobStoreUtils - Could not update the blob with keyActionTopology-1-1474017851-stormcode.ser
18:27:46 [timer] ERROR org.apache.storm.blobstore.BlobStoreUtils - Could not update the blob with keyActionTopology-1-1474017851-stormcode.ser
18:27:46 [timer] ERROR org.apache.storm.blobstore.BlobStoreUtils - Could not update the blob with keyActionTopology-1-1474017851-stormconf.ser
18:27:46 [timer] ERROR org.apache.storm.blobstore.BlobStoreUtils - Could not update the blob with keyActionTopology-1-1474017851-stormconf.ser
18:27:46 [timer] ERROR org.apache.storm.blobstore.BlobStoreUtils - Could not update the blob with keyActionTopology-1-1474017851-stormcode.ser
18:27:56 [timer] ERROR org.apache.storm.blobstore.BlobStoreUtils - Could not update the blob with keyActionTopology-1-1474017851-stormconf.ser
18:27:56 [timer] ERROR org.apache.storm.blobstore.BlobStoreUtils - Could not update the blob with keyActionTopology-1-1474017851-stormcode.ser
18:27:56 [timer] ERROR org.apache.storm.blobstore.BlobStoreUtils - Could not update the blob with keyActionTopology-1-1474017851-stormconf.ser
18:27:56 [timer] ERROR org.apache.storm.blobstore.BlobStoreUtils - Could not update the blob with keyActionTopology-1-1474017851-stormcode.ser
18:27:57 [timer] ERROR org.apache.storm.blobstore.BlobStoreUtils - Could not update the blob with keyActionTopology-1-1474017851-stormcode.ser
18:27:57 [timer] ERROR org.apache.storm.blobstore.BlobStoreUtils - Could not update the blob with keyActionTopology-1-1474017851-stormconf.ser
18:27:57 [timer] ERROR org.apache.storm.blobstore.BlobStoreUtils - Could not update the blob with keyActionTopology-1-1474017851-stormconf.ser
18:27:57 [timer] ERROR org.apache.storm.blobstore.BlobStoreUtils - Could not update the blob with keyActionTopology-1-1474017851-stormcode.ser
19:46:21 [Thread-28-scheduling-bolt-executor[5 5]] DEBUG com.enow.storm.ActionTopology.SchedulingBolt - Entering SchedulingBolt
19:46:21 [Thread-28-scheduling-bolt-executor[5 5]] DEBUG com.enow.storm.ActionTopology.SchedulingBolt - Succeed in inserting messages to _jsonObject : {"roadMapId":"1","incomingNode":[],"varified":false,"payload":{},"lastNode":false,"topic":"enow\/serverId1\/brokerId1\/deviceId1","mapId":"1","outingNode":["11","13"],"previousData":{"2":"value1","4":"value2"},"order":false}
19:46:21 [Thread-28-scheduling-bolt-executor[5 5]] DEBUG com.enow.storm.ActionTopology.SchedulingBolt - Succeed in inserting status to _jsonObject : {"roadMapId":"1","incomingNode":[],"varified":false,"payload":{"brightness":"231","humidity":"60"},"lastNode":false,"topic":"enow\/serverId1\/brokerId1\/deviceId1","mapId":"1","outingNode":["11","13"],"previousData":{"2":"value1","4":"value2"},"order":false}
19:46:21 [Thread-28-scheduling-bolt-executor[5 5]] DEBUG com.enow.storm.ActionTopology.SchedulingBolt - Succeed in inserting previousData to _jsonObject : {}
19:46:21 [Thread-28-scheduling-bolt-executor[5 5]] WARN  com.enow.storm.ActionTopology.SchedulingBolt - Succeed in inserting current node to Redis : 1-1 overwrited
19:46:21 [Thread-28-scheduling-bolt-executor[5 5]] DEBUG com.enow.storm.ActionTopology.SchedulingBolt - input = [source: trigger-spout:8, stream: default, id: {-8366810807216695530=-3082310913815422527}, [{"topic":"enow/serverId1/brokerId1/deviceId1","roadMapId":"1","mapId":"1","incomingNode":[],"outingNode":["11", "13"],"previousData":{"2" : "value1", "4" : "value2"},"payload": {},"lastNode":false,"order":false,"varified":false}]]
19:46:21 [Thread-20-executing-bolt-executor[3 3]] ERROR org.apache.storm.util - Async loop died!
java.lang.RuntimeException: java.lang.NullPointerException
	at org.apache.storm.utils.DisruptorQueue.consumeBatchToCursor(DisruptorQueue.java:464) ~[storm-core-1.0.2.jar:1.0.2]
	at org.apache.storm.utils.DisruptorQueue.consumeBatchWhenAvailable(DisruptorQueue.java:430) ~[storm-core-1.0.2.jar:1.0.2]
	at org.apache.storm.disruptor$consume_batch_when_available.invoke(disruptor.clj:73) ~[storm-core-1.0.2.jar:1.0.2]
	at org.apache.storm.daemon.executor$fn__8058$fn__8071$fn__8124.invoke(executor.clj:850) ~[storm-core-1.0.2.jar:1.0.2]
	at org.apache.storm.util$async_loop$fn__624.invoke(util.clj:484) [storm-core-1.0.2.jar:1.0.2]
	at clojure.lang.AFn.run(AFn.java:22) [clojure-1.7.0.jar:?]
	at java.lang.Thread.run(Thread.java:745) [?:1.8.0_77]
Caused by: java.lang.NullPointerException
	at com.enow.storm.ActionTopology.ExecutingBolt.execute(ExecutingBolt.java:55) ~[classes/:?]
	at org.apache.storm.daemon.executor$fn__8058$tuple_action_fn__8060.invoke(executor.clj:731) ~[storm-core-1.0.2.jar:1.0.2]
	at org.apache.storm.daemon.executor$mk_task_receiver$fn__7979.invoke(executor.clj:464) ~[storm-core-1.0.2.jar:1.0.2]
	at org.apache.storm.disruptor$clojure_handler$reify__7492.onEvent(disruptor.clj:40) ~[storm-core-1.0.2.jar:1.0.2]
	at org.apache.storm.utils.DisruptorQueue.consumeBatchToCursor(DisruptorQueue.java:451) ~[storm-core-1.0.2.jar:1.0.2]
	... 6 more
19:46:21 [Thread-20-executing-bolt-executor[3 3]] ERROR org.apache.storm.daemon.executor - 
java.lang.RuntimeException: java.lang.NullPointerException
	at org.apache.storm.utils.DisruptorQueue.consumeBatchToCursor(DisruptorQueue.java:464) ~[storm-core-1.0.2.jar:1.0.2]
	at org.apache.storm.utils.DisruptorQueue.consumeBatchWhenAvailable(DisruptorQueue.java:430) ~[storm-core-1.0.2.jar:1.0.2]
	at org.apache.storm.disruptor$consume_batch_when_available.invoke(disruptor.clj:73) ~[storm-core-1.0.2.jar:1.0.2]
	at org.apache.storm.daemon.executor$fn__8058$fn__8071$fn__8124.invoke(executor.clj:850) ~[storm-core-1.0.2.jar:1.0.2]
	at org.apache.storm.util$async_loop$fn__624.invoke(util.clj:484) [storm-core-1.0.2.jar:1.0.2]
	at clojure.lang.AFn.run(AFn.java:22) [clojure-1.7.0.jar:?]
	at java.lang.Thread.run(Thread.java:745) [?:1.8.0_77]
Caused by: java.lang.NullPointerException
	at com.enow.storm.ActionTopology.ExecutingBolt.execute(ExecutingBolt.java:55) ~[classes/:?]
	at org.apache.storm.daemon.executor$fn__8058$tuple_action_fn__8060.invoke(executor.clj:731) ~[storm-core-1.0.2.jar:1.0.2]
	at org.apache.storm.daemon.executor$mk_task_receiver$fn__7979.invoke(executor.clj:464) ~[storm-core-1.0.2.jar:1.0.2]
	at org.apache.storm.disruptor$clojure_handler$reify__7492.onEvent(disruptor.clj:40) ~[storm-core-1.0.2.jar:1.0.2]
	at org.apache.storm.utils.DisruptorQueue.consumeBatchToCursor(DisruptorQueue.java:451) ~[storm-core-1.0.2.jar:1.0.2]
	... 6 more
19:46:21 [Thread-20-executing-bolt-executor[3 3]] ERROR org.apache.storm.util - Halting process: ("Worker died")
java.lang.RuntimeException: ("Worker died")
	at org.apache.storm.util$exit_process_BANG_.doInvoke(util.clj:341) [storm-core-1.0.2.jar:1.0.2]
	at clojure.lang.RestFn.invoke(RestFn.java:423) [clojure-1.7.0.jar:?]
	at org.apache.storm.daemon.worker$fn__8659$fn__8660.invoke(worker.clj:761) [storm-core-1.0.2.jar:1.0.2]
	at org.apache.storm.daemon.executor$mk_executor_data$fn__7875$fn__7876.invoke(executor.clj:274) [storm-core-1.0.2.jar:1.0.2]
	at org.apache.storm.util$async_loop$fn__624.invoke(util.clj:494) [storm-core-1.0.2.jar:1.0.2]
	at clojure.lang.AFn.run(AFn.java:22) [clojure-1.7.0.jar:?]
	at java.lang.Thread.run(Thread.java:745) [?:1.8.0_77]
19:47:00 [Thread-28-scheduling-bolt-executor[5 5]] DEBUG com.enow.storm.ActionTopology.SchedulingBolt - Entering SchedulingBolt
19:47:00 [Thread-28-scheduling-bolt-executor[5 5]] DEBUG com.enow.storm.ActionTopology.SchedulingBolt - Succeed in inserting messages to _jsonObject : {"roadMapId":"1","incomingNode":[],"payload":{},"lastNode":false,"verified":true,"topic":"enow\/serverId1\/brokerId1\/deviceId1","mapId":"1","outingNode":["11","13"],"previousData":{"2":"value1","4":"value2"},"order":false}
19:47:00 [Thread-28-scheduling-bolt-executor[5 5]] DEBUG com.enow.storm.ActionTopology.SchedulingBolt - Succeed in inserting status to _jsonObject : {"roadMapId":"1","incomingNode":[],"payload":{"brightness":"231","humidity":"60"},"lastNode":false,"verified":true,"topic":"enow\/serverId1\/brokerId1\/deviceId1","mapId":"1","outingNode":["11","13"],"previousData":{"2":"value1","4":"value2"},"order":false}
19:47:00 [Thread-28-scheduling-bolt-executor[5 5]] DEBUG com.enow.storm.ActionTopology.SchedulingBolt - Succeed in inserting previousData to _jsonObject : {}
19:47:00 [Thread-28-scheduling-bolt-executor[5 5]] WARN  com.enow.storm.ActionTopology.SchedulingBolt - Succeed in inserting current node to Redis : 1-1 overwrited
19:47:00 [Thread-28-scheduling-bolt-executor[5 5]] DEBUG com.enow.storm.ActionTopology.SchedulingBolt - input = [source: trigger-spout:8, stream: default, id: {2684046258736376296=-2253942155574219824}, [{"topic":"enow/serverId1/brokerId1/deviceId1","roadMapId":"1","mapId":"1","incomingNode":[],"outingNode":["11", "13"],"previousData":{"2" : "value1", "4" : "value2"},"payload": {},"lastNode":false,"order":false,"verified":true}]]
19:47:00 [Thread-20-executing-bolt-executor[3 3]] DEBUG com.enow.storm.ActionTopology.ProvisioningBolt - input = [source: scheduling-bolt:5, stream: default, id: {}, [{"roadMapId":"1","incomingNode":[],"payload":{"succeed":"great!"},"lastNode":false,"verified":true,"topic":"enow\/serverId1\/brokerId1\/deviceId1","mapId":"1","outingNode":["11","13"],"previousData":{},"order":false}]]
19:47:00 [Thread-30-provisioning-bolt-executor[4 4]] DEBUG com.enow.storm.ActionTopology.ProvisioningBolt - input = [source: executing-bolt:3, stream: default, id: {}, [{"roadMapId":"1","incomingNode":[],"payload":{"succeed":"great!"},"lastNode":false,"verified":true,"topic":"enow\/serverId1\/brokerId1\/deviceId1","mapId":"1","outingNode":["11","13"],"previousData":{},"order":false}]]
19:47:00 [Thread-16-calling-feed-bolt-executor[2 2]] DEBUG com.enow.storm.ActionTopology.CallingFeedBolt - input = [source: provisioning-bolt:4, stream: default, id: {}, [{"roadMapId":"1","incomingNode":[],"payload":{"succeed":"great!"},"lastNode":false,"verified":true,"topic":"enow\/serverId1\/brokerId1\/deviceId1","mapId":"13","outingNode":["11","13"],"previousData":{},"order":false}]]
19:48:20 [Thread-28-scheduling-bolt-executor[5 5]] DEBUG com.enow.storm.ActionTopology.SchedulingBolt - Entering SchedulingBolt
19:48:20 [Thread-28-scheduling-bolt-executor[5 5]] DEBUG com.enow.storm.ActionTopology.SchedulingBolt - Succeed in inserting messages to _jsonObject : {"roadMapId":"1","incomingNode":[],"payload":{},"lastNode":false,"verified":true,"topic":"enow\/serverId1\/brokerId1\/deviceId1","mapId":"1","outingNode":["11","13"],"previousData":{"2":"value1","4":"value2"},"order":false}
19:48:20 [Thread-28-scheduling-bolt-executor[5 5]] DEBUG com.enow.storm.ActionTopology.SchedulingBolt - Succeed in inserting status to _jsonObject : {"roadMapId":"1","incomingNode":[],"payload":{"brightness":"231","humidity":"60"},"lastNode":false,"verified":true,"topic":"enow\/serverId1\/brokerId1\/deviceId1","mapId":"1","outingNode":["11","13"],"previousData":{"2":"value1","4":"value2"},"order":false}
19:48:20 [Thread-28-scheduling-bolt-executor[5 5]] DEBUG com.enow.storm.ActionTopology.SchedulingBolt - Succeed in inserting previousData to _jsonObject : {}
19:48:20 [Thread-28-scheduling-bolt-executor[5 5]] WARN  com.enow.storm.ActionTopology.SchedulingBolt - Fail in inserting current node to Redis : 1-1 overwrited
19:48:20 [Thread-28-scheduling-bolt-executor[5 5]] DEBUG com.enow.storm.ActionTopology.SchedulingBolt - input = [source: trigger-spout:8, stream: default, id: {8640733997124664951=-3656851656834887136}, [{"topic":"enow/serverId1/brokerId1/deviceId1","roadMapId":"1","mapId":"1","incomingNode":[],"outingNode":["11", "13"],"previousData":{"2" : "value1", "4" : "value2"},"payload": {},"lastNode":false,"order":false,"verified":true}]]
19:48:20 [Thread-20-executing-bolt-executor[3 3]] DEBUG com.enow.storm.ActionTopology.ProvisioningBolt - input = [source: scheduling-bolt:5, stream: default, id: {}, [{"roadMapId":"1","incomingNode":[],"payload":{"succeed":"great!"},"lastNode":false,"verified":true,"topic":"enow\/serverId1\/brokerId1\/deviceId1","mapId":"1","outingNode":["11","13"],"previousData":{},"order":false}]]
19:48:20 [Thread-30-provisioning-bolt-executor[4 4]] DEBUG com.enow.storm.ActionTopology.ProvisioningBolt - input = [source: executing-bolt:3, stream: default, id: {}, [{"roadMapId":"1","incomingNode":[],"payload":{"succeed":"great!"},"lastNode":false,"verified":true,"topic":"enow\/serverId1\/brokerId1\/deviceId1","mapId":"1","outingNode":["11","13"],"previousData":{},"order":false}]]
19:48:20 [Thread-16-calling-feed-bolt-executor[2 2]] DEBUG com.enow.storm.ActionTopology.CallingFeedBolt - input = [source: provisioning-bolt:4, stream: default, id: {}, [{"roadMapId":"1","incomingNode":[],"payload":{"succeed":"great!"},"lastNode":false,"verified":true,"topic":"enow\/serverId1\/brokerId1\/deviceId1","mapId":"13","outingNode":["11","13"],"previousData":{},"order":false}]]
19:51:57 [Thread-28-scheduling-bolt-executor[5 5]] DEBUG com.enow.storm.ActionTopology.SchedulingBolt - Entering SchedulingBolt
19:51:57 [Thread-28-scheduling-bolt-executor[5 5]] DEBUG com.enow.storm.ActionTopology.SchedulingBolt - Succeed in inserting messages to _jsonObject : {"roadMapId":"1","incomingNode":[],"payload":{},"lastNode":false,"verified":true,"topic":"enow\/serverId1\/brokerId1\/deviceId1","mapId":"1","outingNode":["11","13"],"previousData":{"2":"value1","4":"value2"},"order":false}
19:51:57 [Thread-28-scheduling-bolt-executor[5 5]] DEBUG com.enow.storm.ActionTopology.SchedulingBolt - Succeed in inserting status to _jsonObject : {"roadMapId":"1","incomingNode":[],"payload":{"brightness":"231","humidity":"60"},"lastNode":false,"verified":true,"topic":"enow\/serverId1\/brokerId1\/deviceId1","mapId":"1","outingNode":["11","13"],"previousData":{"2":"value1","4":"value2"},"order":false}
19:51:57 [Thread-28-scheduling-bolt-executor[5 5]] DEBUG com.enow.storm.ActionTopology.SchedulingBolt - Succeed in inserting previousData to _jsonObject : {}
19:51:57 [Thread-28-scheduling-bolt-executor[5 5]] WARN  com.enow.storm.ActionTopology.SchedulingBolt - Fail in inserting current node to Redis : 1-1 overwrited
19:51:57 [Thread-28-scheduling-bolt-executor[5 5]] DEBUG com.enow.storm.ActionTopology.SchedulingBolt - input = [source: trigger-spout:8, stream: default, id: {8004715695863520990=-6325310243330973214}, [{"topic":"enow/serverId1/brokerId1/deviceId1","roadMapId":"1","mapId":"1","incomingNode":[],"outingNode":["11", "13"],"previousData":{"2" : "value1", "4" : "value2"},"payload": {},"lastNode":false,"order":false,"verified":true}]]
19:51:57 [Thread-20-executing-bolt-executor[3 3]] DEBUG com.enow.storm.ActionTopology.ProvisioningBolt - input = [source: scheduling-bolt:5, stream: default, id: {}, [{"roadMapId":"1","incomingNode":[],"payload":{"succeed":"great!"},"lastNode":false,"verified":true,"topic":"enow\/serverId1\/brokerId1\/deviceId1","mapId":"1","outingNode":["11","13"],"previousData":{},"order":false}]]
19:51:57 [Thread-30-provisioning-bolt-executor[4 4]] DEBUG com.enow.storm.ActionTopology.ProvisioningBolt - input = [source: executing-bolt:3, stream: default, id: {}, [{"roadMapId":"1","incomingNode":[],"payload":{"succeed":"great!"},"lastNode":false,"verified":true,"topic":"enow\/serverId1\/brokerId1\/deviceId1","mapId":"1","outingNode":["11","13"],"previousData":{},"order":false}]]
19:51:57 [Thread-16-calling-feed-bolt-executor[2 2]] DEBUG com.enow.storm.ActionTopology.CallingFeedBolt - input = [source: provisioning-bolt:4, stream: default, id: {}, [{"roadMapId":"1","incomingNode":[],"payload":{"succeed":"great!"},"lastNode":false,"verified":true,"topic":"enow\/serverId1\/brokerId1\/deviceId1","mapId":"13","outingNode":["11","13"],"previousData":{},"order":false}]]
19:57:25 [Thread-28-scheduling-bolt-executor[5 5]] DEBUG com.enow.storm.ActionTopology.SchedulingBolt - Entering SchedulingBolt
19:57:25 [Thread-28-scheduling-bolt-executor[5 5]] DEBUG com.enow.storm.ActionTopology.SchedulingBolt - Succeed in inserting messages to _jsonObject : {"roadMapId":"1","incomingNode":[],"payload":{},"lastNode":false,"verified":true,"topic":"enow\/serverId1\/brokerId1\/deviceId1","mapId":"1","outingNode":["11","13"],"previousData":{"2":"value1","4":"value2"},"order":false}
19:57:25 [Thread-28-scheduling-bolt-executor[5 5]] DEBUG com.enow.storm.ActionTopology.SchedulingBolt - Succeed in inserting status to _jsonObject : {"roadMapId":"1","incomingNode":[],"payload":{"brightness":"231","humidity":"60"},"lastNode":false,"verified":true,"topic":"enow\/serverId1\/brokerId1\/deviceId1","mapId":"1","outingNode":["11","13"],"previousData":{"2":"value1","4":"value2"},"order":false}
19:57:25 [Thread-28-scheduling-bolt-executor[5 5]] DEBUG com.enow.storm.ActionTopology.SchedulingBolt - Succeed in inserting previousData to _jsonObject : {}
19:57:25 [Thread-28-scheduling-bolt-executor[5 5]] WARN  com.enow.storm.ActionTopology.SchedulingBolt - Succeed in inserting current node to Redis : 1-1 overwrited
19:57:25 [Thread-28-scheduling-bolt-executor[5 5]] DEBUG com.enow.storm.ActionTopology.SchedulingBolt - input = [source: trigger-spout:8, stream: default, id: {5835876612624162751=-7318318051757156801}, [{"topic":"enow/serverId1/brokerId1/deviceId1","roadMapId":"1","mapId":"1","incomingNode":[],"outingNode":["11", "13"],"previousData":{"2" : "value1", "4" : "value2"},"payload": {},"lastNode":false,"order":false,"verified":true}]]
19:57:25 [Thread-20-executing-bolt-executor[3 3]] DEBUG com.enow.storm.ActionTopology.ProvisioningBolt - input = [source: scheduling-bolt:5, stream: default, id: {}, [{"roadMapId":"1","incomingNode":[],"payload":{"succeed":"great!"},"lastNode":false,"verified":true,"topic":"enow\/serverId1\/brokerId1\/deviceId1","mapId":"1","outingNode":["11","13"],"previousData":{},"order":false}]]
19:57:25 [Thread-30-provisioning-bolt-executor[4 4]] DEBUG com.enow.storm.ActionTopology.ProvisioningBolt - input = [source: executing-bolt:3, stream: default, id: {}, [{"roadMapId":"1","incomingNode":[],"payload":{"succeed":"great!"},"lastNode":false,"verified":true,"topic":"enow\/serverId1\/brokerId1\/deviceId1","mapId":"1","outingNode":["11","13"],"previousData":{},"order":false}]]
19:57:26 [Thread-16-calling-feed-bolt-executor[2 2]] DEBUG com.enow.storm.ActionTopology.CallingFeedBolt - input = [source: provisioning-bolt:4, stream: default, id: {}, [{"roadMapId":"1","incomingNode":[],"payload":{"succeed":"great!"},"lastNode":false,"verified":true,"topic":"enow\/serverId1\/brokerId1\/deviceId1","mapId":"13","outingNode":["11","13"],"previousData":{},"order":false}]]
19:58:25 [Thread-28-scheduling-bolt-executor[5 5]] DEBUG com.enow.storm.ActionTopology.SchedulingBolt - Entering SchedulingBolt
19:58:25 [Thread-28-scheduling-bolt-executor[5 5]] DEBUG com.enow.storm.ActionTopology.SchedulingBolt - Succeed in inserting messages to _jsonObject : {"roadMapId":"1","incomingNode":[],"payload":{},"lastNode":false,"verified":true,"topic":"enow\/serverId1\/brokerId1\/deviceId1","mapId":"1","outingNode":["11","13"],"previousData":{"2":"value1","4":"value2"},"order":false}
19:58:26 [Thread-28-scheduling-bolt-executor[5 5]] DEBUG com.enow.storm.ActionTopology.SchedulingBolt - Succeed in inserting status to _jsonObject : {"roadMapId":"1","incomingNode":[],"payload":{"brightness":"231","humidity":"60"},"lastNode":false,"verified":true,"topic":"enow\/serverId1\/brokerId1\/deviceId1","mapId":"1","outingNode":["11","13"],"previousData":{"2":"value1","4":"value2"},"order":false}
19:58:26 [Thread-28-scheduling-bolt-executor[5 5]] DEBUG com.enow.storm.ActionTopology.SchedulingBolt - Succeed in inserting previousData to _jsonObject : {}
19:58:26 [Thread-28-scheduling-bolt-executor[5 5]] WARN  com.enow.storm.ActionTopology.SchedulingBolt - Fail in inserting current node to Redis : 1-1 overwrited
19:58:26 [Thread-28-scheduling-bolt-executor[5 5]] DEBUG com.enow.storm.ActionTopology.SchedulingBolt - input = [source: trigger-spout:8, stream: default, id: {5381907970617709149=4026529697669431158}, [{"topic":"enow/serverId1/brokerId1/deviceId1","roadMapId":"1","mapId":"1","incomingNode":[],"outingNode":["11", "13"],"previousData":{"2" : "value1", "4" : "value2"},"payload": {},"lastNode":false,"order":false,"verified":true}]]
19:58:26 [Thread-20-executing-bolt-executor[3 3]] DEBUG com.enow.storm.ActionTopology.ProvisioningBolt - input = [source: scheduling-bolt:5, stream: default, id: {}, [{"roadMapId":"1","incomingNode":[],"payload":{"succeed":"great!"},"lastNode":false,"verified":true,"topic":"enow\/serverId1\/brokerId1\/deviceId1","mapId":"1","outingNode":["11","13"],"previousData":{},"order":false}]]
19:58:26 [Thread-30-provisioning-bolt-executor[4 4]] DEBUG com.enow.storm.ActionTopology.ProvisioningBolt - input = [source: executing-bolt:3, stream: default, id: {}, [{"roadMapId":"1","incomingNode":[],"payload":{"succeed":"great!"},"lastNode":false,"verified":true,"topic":"enow\/serverId1\/brokerId1\/deviceId1","mapId":"1","outingNode":["11","13"],"previousData":{},"order":false}]]
19:58:26 [Thread-16-calling-feed-bolt-executor[2 2]] DEBUG com.enow.storm.ActionTopology.CallingFeedBolt - input = [source: provisioning-bolt:4, stream: default, id: {}, [{"roadMapId":"1","incomingNode":[],"payload":{"succeed":"great!"},"lastNode":false,"verified":true,"topic":"enow\/serverId1\/brokerId1\/deviceId1","mapId":"13","outingNode":["11","13"],"previousData":{},"order":false}]]
19:59:46 [main] ERROR org.apache.storm.blobstore.BlobStoreUtils - Could not update the blob with keyActionTopology-1-1474023586-stormconf.ser
19:59:46 [main] ERROR org.apache.storm.blobstore.BlobStoreUtils - Could not update the blob with keyActionTopology-1-1474023586-stormcode.ser
19:59:46 [timer] ERROR org.apache.storm.blobstore.BlobStoreUtils - Could not update the blob with keyActionTopology-1-1474023586-stormconf.ser
19:59:46 [timer] ERROR org.apache.storm.blobstore.BlobStoreUtils - Could not update the blob with keyActionTopology-1-1474023586-stormcode.ser
19:59:46 [timer] ERROR org.apache.storm.blobstore.BlobStoreUtils - Could not update the blob with keyActionTopology-1-1474023586-stormconf.ser
19:59:46 [timer] ERROR org.apache.storm.blobstore.BlobStoreUtils - Could not update the blob with keyActionTopology-1-1474023586-stormcode.ser
19:59:46 [timer] ERROR org.apache.storm.blobstore.BlobStoreUtils - Could not update the blob with keyActionTopology-1-1474023586-stormcode.ser
19:59:46 [timer] ERROR org.apache.storm.blobstore.BlobStoreUtils - Could not update the blob with keyActionTopology-1-1474023586-stormconf.ser
19:59:47 [timer] ERROR org.apache.storm.blobstore.BlobStoreUtils - Could not update the blob with keyActionTopology-1-1474023586-stormconf.ser
19:59:57 [timer] ERROR org.apache.storm.blobstore.BlobStoreUtils - Could not update the blob with keyActionTopology-1-1474023586-stormconf.ser
19:59:57 [timer] ERROR org.apache.storm.blobstore.BlobStoreUtils - Could not update the blob with keyActionTopology-1-1474023586-stormcode.ser
19:59:57 [timer] ERROR org.apache.storm.blobstore.BlobStoreUtils - Could not update the blob with keyActionTopology-1-1474023586-stormconf.ser
19:59:57 [timer] ERROR org.apache.storm.blobstore.BlobStoreUtils - Could not update the blob with keyActionTopology-1-1474023586-stormcode.ser
19:59:57 [timer] ERROR org.apache.storm.blobstore.BlobStoreUtils - Could not update the blob with keyActionTopology-1-1474023586-stormcode.ser
19:59:57 [timer] ERROR org.apache.storm.blobstore.BlobStoreUtils - Could not update the blob with keyActionTopology-1-1474023586-stormconf.ser
19:59:57 [timer] ERROR org.apache.storm.blobstore.BlobStoreUtils - Could not update the blob with keyActionTopology-1-1474023586-stormconf.ser
19:59:57 [timer] ERROR org.apache.storm.blobstore.BlobStoreUtils - Could not update the blob with keyActionTopology-1-1474023586-stormcode.ser
20:00:02 [Thread-28-scheduling-bolt-executor[5 5]] DEBUG com.enow.storm.ActionTopology.SchedulingBolt - Entering SchedulingBolt
20:00:02 [Thread-28-scheduling-bolt-executor[5 5]] DEBUG com.enow.storm.ActionTopology.SchedulingBolt - Succeed in inserting messages to _jsonObject : {"roadMapId":"1","incomingNode":[],"payload":{},"lastNode":false,"verified":true,"topic":"enow\/serverId1\/brokerId1\/deviceId1","mapId":"1","outingNode":["11","13"],"previousData":{"2":"value1","4":"value2"},"order":false}
20:00:02 [Thread-28-scheduling-bolt-executor[5 5]] DEBUG com.enow.storm.ActionTopology.SchedulingBolt - Succeed in inserting status to _jsonObject : {"roadMapId":"1","incomingNode":[],"payload":{"brightness":"231","humidity":"60"},"lastNode":false,"verified":true,"topic":"enow\/serverId1\/brokerId1\/deviceId1","mapId":"1","outingNode":["11","13"],"previousData":{"2":"value1","4":"value2"},"order":false}
20:00:02 [Thread-28-scheduling-bolt-executor[5 5]] DEBUG com.enow.storm.ActionTopology.SchedulingBolt - Succeed in inserting previousData to _jsonObject : {}
20:00:02 [Thread-28-scheduling-bolt-executor[5 5]] WARN  com.enow.storm.ActionTopology.SchedulingBolt - Succeed in inserting current node to Redis : 1-1 overwrited
20:00:02 [Thread-28-scheduling-bolt-executor[5 5]] DEBUG com.enow.storm.ActionTopology.SchedulingBolt - input = [source: trigger-spout:8, stream: default, id: {7608080247846828514=2700255648021583875}, [{"topic":"enow/serverId1/brokerId1/deviceId1","roadMapId":"1","mapId":"1","incomingNode":[],"outingNode":["11", "13"],"previousData":{"2" : "value1", "4" : "value2"},"payload": {},"lastNode":false,"order":false,"verified":true}]]
20:00:02 [Thread-20-executing-bolt-executor[3 3]] DEBUG com.enow.storm.ActionTopology.ProvisioningBolt - input = [source: scheduling-bolt:5, stream: default, id: {}, [{"roadMapId":"1","incomingNode":[],"payload":{"succeed":"great!"},"lastNode":false,"verified":true,"topic":"enow\/serverId1\/brokerId1\/deviceId1","mapId":"1","outingNode":["11","13"],"previousData":{},"order":false}]]
20:00:02 [Thread-30-provisioning-bolt-executor[4 4]] DEBUG com.enow.storm.ActionTopology.ProvisioningBolt - input = [source: executing-bolt:3, stream: default, id: {}, [{"roadMapId":"1","incomingNode":[],"payload":{"succeed":"great!"},"lastNode":false,"verified":true,"topic":"enow\/serverId1\/brokerId1\/deviceId1","mapId":"1","outingNode":["11","13"],"previousData":{},"order":false}]]
20:00:02 [Thread-16-calling-feed-bolt-executor[2 2]] DEBUG com.enow.storm.ActionTopology.CallingFeedBolt - input = [source: provisioning-bolt:4, stream: default, id: {}, [{"roadMapId":"1","incomingNode":[],"payload":{"succeed":"great!"},"lastNode":false,"verified":true,"topic":"enow\/serverId1\/brokerId1\/deviceId1","mapId":"13","outingNode":["11","13"],"previousData":{},"order":false}]]
20:00:07 [timer] ERROR org.apache.storm.blobstore.BlobStoreUtils - Could not update the blob with keyActionTopology-1-1474023586-stormconf.ser
20:00:07 [timer] ERROR org.apache.storm.blobstore.BlobStoreUtils - Could not update the blob with keyActionTopology-1-1474023586-stormcode.ser
20:00:07 [timer] ERROR org.apache.storm.blobstore.BlobStoreUtils - Could not update the blob with keyActionTopology-1-1474023586-stormconf.ser
20:00:07 [timer] ERROR org.apache.storm.blobstore.BlobStoreUtils - Could not update the blob with keyActionTopology-1-1474023586-stormcode.ser
20:00:07 [timer] ERROR org.apache.storm.blobstore.BlobStoreUtils - Could not update the blob with keyActionTopology-1-1474023586-stormcode.ser
20:00:07 [timer] ERROR org.apache.storm.blobstore.BlobStoreUtils - Could not update the blob with keyActionTopology-1-1474023586-stormconf.ser
20:00:07 [timer] ERROR org.apache.storm.blobstore.BlobStoreUtils - Could not update the blob with keyActionTopology-1-1474023586-stormconf.ser
20:00:07 [timer] ERROR org.apache.storm.blobstore.BlobStoreUtils - Could not update the blob with keyActionTopology-1-1474023586-stormcode.ser
11:27:17 [Thread-28-scheduling-bolt-executor[5 5]] DEBUG com.enow.storm.ActionTopology.SchedulingBolt - Entering SchedulingBolt
11:27:17 [Thread-28-scheduling-bolt-executor[5 5]] DEBUG com.enow.storm.ActionTopology.SchedulingBolt - Succeed in inserting messages to _jsonObject : {"roadMapId":"1","incomingNode":[],"payload":{},"lastNode":false,"verified":true,"topic":"enow\/serverId1\/brokerId1\/deviceId1","mapId":"1","outingNode":["11","13"],"previousData":{"2":"value1","4":"value2"},"order":false}
11:27:17 [Thread-28-scheduling-bolt-executor[5 5]] DEBUG com.enow.storm.ActionTopology.SchedulingBolt - Succeed in inserting status to _jsonObject : {"roadMapId":"1","incomingNode":[],"payload":{"brightness":"231","humidity":"60"},"lastNode":false,"verified":true,"topic":"enow\/serverId1\/brokerId1\/deviceId1","mapId":"1","outingNode":["11","13"],"previousData":{"2":"value1","4":"value2"},"order":false}
11:27:17 [Thread-28-scheduling-bolt-executor[5 5]] ERROR org.apache.storm.util - Async loop died!
java.lang.RuntimeException: java.lang.IndexOutOfBoundsException: Index: 2, Size: 2
	at org.apache.storm.utils.DisruptorQueue.consumeBatchToCursor(DisruptorQueue.java:464) ~[storm-core-1.0.2.jar:1.0.2]
	at org.apache.storm.utils.DisruptorQueue.consumeBatchWhenAvailable(DisruptorQueue.java:430) ~[storm-core-1.0.2.jar:1.0.2]
	at org.apache.storm.disruptor$consume_batch_when_available.invoke(disruptor.clj:73) ~[storm-core-1.0.2.jar:1.0.2]
	at org.apache.storm.daemon.executor$fn__8058$fn__8071$fn__8124.invoke(executor.clj:850) ~[storm-core-1.0.2.jar:1.0.2]
	at org.apache.storm.util$async_loop$fn__624.invoke(util.clj:484) [storm-core-1.0.2.jar:1.0.2]
	at clojure.lang.AFn.run(AFn.java:22) [clojure-1.7.0.jar:?]
	at java.lang.Thread.run(Thread.java:745) [?:1.8.0_77]
Caused by: java.lang.IndexOutOfBoundsException: Index: 2, Size: 2
	at java.util.ArrayList.rangeCheck(ArrayList.java:653) ~[?:1.8.0_77]
	at java.util.ArrayList.get(ArrayList.java:429) ~[?:1.8.0_77]
	at com.enow.daos.redisDAO.NodeDAO.getNode(NodeDAO.java:82) ~[classes/:?]
	at com.enow.storm.ActionTopology.SchedulingBolt.execute(SchedulingBolt.java:102) ~[classes/:?]
	at org.apache.storm.daemon.executor$fn__8058$tuple_action_fn__8060.invoke(executor.clj:731) ~[storm-core-1.0.2.jar:1.0.2]
	at org.apache.storm.daemon.executor$mk_task_receiver$fn__7979.invoke(executor.clj:464) ~[storm-core-1.0.2.jar:1.0.2]
	at org.apache.storm.disruptor$clojure_handler$reify__7492.onEvent(disruptor.clj:40) ~[storm-core-1.0.2.jar:1.0.2]
	at org.apache.storm.utils.DisruptorQueue.consumeBatchToCursor(DisruptorQueue.java:451) ~[storm-core-1.0.2.jar:1.0.2]
	... 6 more
11:27:17 [Thread-28-scheduling-bolt-executor[5 5]] ERROR org.apache.storm.daemon.executor - 
java.lang.RuntimeException: java.lang.IndexOutOfBoundsException: Index: 2, Size: 2
	at org.apache.storm.utils.DisruptorQueue.consumeBatchToCursor(DisruptorQueue.java:464) ~[storm-core-1.0.2.jar:1.0.2]
	at org.apache.storm.utils.DisruptorQueue.consumeBatchWhenAvailable(DisruptorQueue.java:430) ~[storm-core-1.0.2.jar:1.0.2]
	at org.apache.storm.disruptor$consume_batch_when_available.invoke(disruptor.clj:73) ~[storm-core-1.0.2.jar:1.0.2]
	at org.apache.storm.daemon.executor$fn__8058$fn__8071$fn__8124.invoke(executor.clj:850) ~[storm-core-1.0.2.jar:1.0.2]
	at org.apache.storm.util$async_loop$fn__624.invoke(util.clj:484) [storm-core-1.0.2.jar:1.0.2]
	at clojure.lang.AFn.run(AFn.java:22) [clojure-1.7.0.jar:?]
	at java.lang.Thread.run(Thread.java:745) [?:1.8.0_77]
Caused by: java.lang.IndexOutOfBoundsException: Index: 2, Size: 2
	at java.util.ArrayList.rangeCheck(ArrayList.java:653) ~[?:1.8.0_77]
	at java.util.ArrayList.get(ArrayList.java:429) ~[?:1.8.0_77]
	at com.enow.daos.redisDAO.NodeDAO.getNode(NodeDAO.java:82) ~[classes/:?]
	at com.enow.storm.ActionTopology.SchedulingBolt.execute(SchedulingBolt.java:102) ~[classes/:?]
	at org.apache.storm.daemon.executor$fn__8058$tuple_action_fn__8060.invoke(executor.clj:731) ~[storm-core-1.0.2.jar:1.0.2]
	at org.apache.storm.daemon.executor$mk_task_receiver$fn__7979.invoke(executor.clj:464) ~[storm-core-1.0.2.jar:1.0.2]
	at org.apache.storm.disruptor$clojure_handler$reify__7492.onEvent(disruptor.clj:40) ~[storm-core-1.0.2.jar:1.0.2]
	at org.apache.storm.utils.DisruptorQueue.consumeBatchToCursor(DisruptorQueue.java:451) ~[storm-core-1.0.2.jar:1.0.2]
	... 6 more
11:27:17 [Thread-28-scheduling-bolt-executor[5 5]] ERROR org.apache.storm.util - Halting process: ("Worker died")
java.lang.RuntimeException: ("Worker died")
	at org.apache.storm.util$exit_process_BANG_.doInvoke(util.clj:341) [storm-core-1.0.2.jar:1.0.2]
	at clojure.lang.RestFn.invoke(RestFn.java:423) [clojure-1.7.0.jar:?]
	at org.apache.storm.daemon.worker$fn__8659$fn__8660.invoke(worker.clj:761) [storm-core-1.0.2.jar:1.0.2]
	at org.apache.storm.daemon.executor$mk_executor_data$fn__7875$fn__7876.invoke(executor.clj:274) [storm-core-1.0.2.jar:1.0.2]
	at org.apache.storm.util$async_loop$fn__624.invoke(util.clj:494) [storm-core-1.0.2.jar:1.0.2]
	at clojure.lang.AFn.run(AFn.java:22) [clojure-1.7.0.jar:?]
	at java.lang.Thread.run(Thread.java:745) [?:1.8.0_77]
11:28:42 [Thread-28-scheduling-bolt-executor[5 5]] DEBUG com.enow.storm.ActionTopology.SchedulingBolt - Entering SchedulingBolt
11:28:42 [Thread-28-scheduling-bolt-executor[5 5]] DEBUG com.enow.storm.ActionTopology.SchedulingBolt - Succeed in inserting messages to _jsonObject : {"roadMapId":"1","incomingNode":[],"payload":{},"lastNode":false,"verified":true,"topic":"enow\/serverId1\/brokerId1\/deviceId1","mapId":"1","outingNode":["11","13"],"previousData":{"2":"value1","4":"value2"},"order":true}
11:28:42 [Thread-28-scheduling-bolt-executor[5 5]] ERROR org.apache.storm.util - Async loop died!
java.lang.RuntimeException: java.lang.IndexOutOfBoundsException: Index: 2, Size: 2
	at org.apache.storm.utils.DisruptorQueue.consumeBatchToCursor(DisruptorQueue.java:464) ~[storm-core-1.0.2.jar:1.0.2]
	at org.apache.storm.utils.DisruptorQueue.consumeBatchWhenAvailable(DisruptorQueue.java:430) ~[storm-core-1.0.2.jar:1.0.2]
	at org.apache.storm.disruptor$consume_batch_when_available.invoke(disruptor.clj:73) ~[storm-core-1.0.2.jar:1.0.2]
	at org.apache.storm.daemon.executor$fn__8058$fn__8071$fn__8124.invoke(executor.clj:850) ~[storm-core-1.0.2.jar:1.0.2]
	at org.apache.storm.util$async_loop$fn__624.invoke(util.clj:484) [storm-core-1.0.2.jar:1.0.2]
	at clojure.lang.AFn.run(AFn.java:22) [clojure-1.7.0.jar:?]
	at java.lang.Thread.run(Thread.java:745) [?:1.8.0_77]
Caused by: java.lang.IndexOutOfBoundsException: Index: 2, Size: 2
	at java.util.ArrayList.rangeCheck(ArrayList.java:653) ~[?:1.8.0_77]
	at java.util.ArrayList.get(ArrayList.java:429) ~[?:1.8.0_77]
	at com.enow.daos.redisDAO.NodeDAO.getNode(NodeDAO.java:82) ~[classes/:?]
	at com.enow.storm.ActionTopology.SchedulingBolt.execute(SchedulingBolt.java:102) ~[classes/:?]
	at org.apache.storm.daemon.executor$fn__8058$tuple_action_fn__8060.invoke(executor.clj:731) ~[storm-core-1.0.2.jar:1.0.2]
	at org.apache.storm.daemon.executor$mk_task_receiver$fn__7979.invoke(executor.clj:464) ~[storm-core-1.0.2.jar:1.0.2]
	at org.apache.storm.disruptor$clojure_handler$reify__7492.onEvent(disruptor.clj:40) ~[storm-core-1.0.2.jar:1.0.2]
	at org.apache.storm.utils.DisruptorQueue.consumeBatchToCursor(DisruptorQueue.java:451) ~[storm-core-1.0.2.jar:1.0.2]
	... 6 more
11:28:42 [Thread-28-scheduling-bolt-executor[5 5]] ERROR org.apache.storm.daemon.executor - 
java.lang.RuntimeException: java.lang.IndexOutOfBoundsException: Index: 2, Size: 2
	at org.apache.storm.utils.DisruptorQueue.consumeBatchToCursor(DisruptorQueue.java:464) ~[storm-core-1.0.2.jar:1.0.2]
	at org.apache.storm.utils.DisruptorQueue.consumeBatchWhenAvailable(DisruptorQueue.java:430) ~[storm-core-1.0.2.jar:1.0.2]
	at org.apache.storm.disruptor$consume_batch_when_available.invoke(disruptor.clj:73) ~[storm-core-1.0.2.jar:1.0.2]
	at org.apache.storm.daemon.executor$fn__8058$fn__8071$fn__8124.invoke(executor.clj:850) ~[storm-core-1.0.2.jar:1.0.2]
	at org.apache.storm.util$async_loop$fn__624.invoke(util.clj:484) [storm-core-1.0.2.jar:1.0.2]
	at clojure.lang.AFn.run(AFn.java:22) [clojure-1.7.0.jar:?]
	at java.lang.Thread.run(Thread.java:745) [?:1.8.0_77]
Caused by: java.lang.IndexOutOfBoundsException: Index: 2, Size: 2
	at java.util.ArrayList.rangeCheck(ArrayList.java:653) ~[?:1.8.0_77]
	at java.util.ArrayList.get(ArrayList.java:429) ~[?:1.8.0_77]
	at com.enow.daos.redisDAO.NodeDAO.getNode(NodeDAO.java:82) ~[classes/:?]
	at com.enow.storm.ActionTopology.SchedulingBolt.execute(SchedulingBolt.java:102) ~[classes/:?]
	at org.apache.storm.daemon.executor$fn__8058$tuple_action_fn__8060.invoke(executor.clj:731) ~[storm-core-1.0.2.jar:1.0.2]
	at org.apache.storm.daemon.executor$mk_task_receiver$fn__7979.invoke(executor.clj:464) ~[storm-core-1.0.2.jar:1.0.2]
	at org.apache.storm.disruptor$clojure_handler$reify__7492.onEvent(disruptor.clj:40) ~[storm-core-1.0.2.jar:1.0.2]
	at org.apache.storm.utils.DisruptorQueue.consumeBatchToCursor(DisruptorQueue.java:451) ~[storm-core-1.0.2.jar:1.0.2]
	... 6 more
11:28:42 [Thread-28-scheduling-bolt-executor[5 5]] ERROR org.apache.storm.util - Halting process: ("Worker died")
java.lang.RuntimeException: ("Worker died")
	at org.apache.storm.util$exit_process_BANG_.doInvoke(util.clj:341) [storm-core-1.0.2.jar:1.0.2]
	at clojure.lang.RestFn.invoke(RestFn.java:423) [clojure-1.7.0.jar:?]
	at org.apache.storm.daemon.worker$fn__8659$fn__8660.invoke(worker.clj:761) [storm-core-1.0.2.jar:1.0.2]
	at org.apache.storm.daemon.executor$mk_executor_data$fn__7875$fn__7876.invoke(executor.clj:274) [storm-core-1.0.2.jar:1.0.2]
	at org.apache.storm.util$async_loop$fn__624.invoke(util.clj:494) [storm-core-1.0.2.jar:1.0.2]
	at clojure.lang.AFn.run(AFn.java:22) [clojure-1.7.0.jar:?]
	at java.lang.Thread.run(Thread.java:745) [?:1.8.0_77]
11:29:55 [Thread-28-scheduling-bolt-executor[5 5]] DEBUG com.enow.storm.ActionTopology.SchedulingBolt - Entering SchedulingBolt
11:29:55 [Thread-28-scheduling-bolt-executor[5 5]] DEBUG com.enow.storm.ActionTopology.SchedulingBolt - Succeed in inserting messages to _jsonObject : {"roadMapId":"1","incomingNode":[],"payload":{},"lastNode":false,"verified":true,"topic":"enow\/serverId1\/brokerId1\/deviceId1","mapId":"1","outingNode":["11","13"],"previousData":{"2":"value1","4":"value2"},"order":true}
11:29:55 [Thread-28-scheduling-bolt-executor[5 5]] ERROR org.apache.storm.util - Async loop died!
java.lang.RuntimeException: java.lang.IndexOutOfBoundsException: Index: 2, Size: 2
	at org.apache.storm.utils.DisruptorQueue.consumeBatchToCursor(DisruptorQueue.java:464) ~[storm-core-1.0.2.jar:1.0.2]
	at org.apache.storm.utils.DisruptorQueue.consumeBatchWhenAvailable(DisruptorQueue.java:430) ~[storm-core-1.0.2.jar:1.0.2]
	at org.apache.storm.disruptor$consume_batch_when_available.invoke(disruptor.clj:73) ~[storm-core-1.0.2.jar:1.0.2]
	at org.apache.storm.daemon.executor$fn__8058$fn__8071$fn__8124.invoke(executor.clj:850) ~[storm-core-1.0.2.jar:1.0.2]
	at org.apache.storm.util$async_loop$fn__624.invoke(util.clj:484) [storm-core-1.0.2.jar:1.0.2]
	at clojure.lang.AFn.run(AFn.java:22) [clojure-1.7.0.jar:?]
	at java.lang.Thread.run(Thread.java:745) [?:1.8.0_77]
Caused by: java.lang.IndexOutOfBoundsException: Index: 2, Size: 2
	at java.util.ArrayList.rangeCheck(ArrayList.java:653) ~[?:1.8.0_77]
	at java.util.ArrayList.get(ArrayList.java:429) ~[?:1.8.0_77]
	at com.enow.daos.redisDAO.NodeDAO.getNode(NodeDAO.java:82) ~[classes/:?]
	at com.enow.storm.ActionTopology.SchedulingBolt.execute(SchedulingBolt.java:102) ~[classes/:?]
	at org.apache.storm.daemon.executor$fn__8058$tuple_action_fn__8060.invoke(executor.clj:731) ~[storm-core-1.0.2.jar:1.0.2]
	at org.apache.storm.daemon.executor$mk_task_receiver$fn__7979.invoke(executor.clj:464) ~[storm-core-1.0.2.jar:1.0.2]
	at org.apache.storm.disruptor$clojure_handler$reify__7492.onEvent(disruptor.clj:40) ~[storm-core-1.0.2.jar:1.0.2]
	at org.apache.storm.utils.DisruptorQueue.consumeBatchToCursor(DisruptorQueue.java:451) ~[storm-core-1.0.2.jar:1.0.2]
	... 6 more
11:29:55 [Thread-28-scheduling-bolt-executor[5 5]] ERROR org.apache.storm.daemon.executor - 
java.lang.RuntimeException: java.lang.IndexOutOfBoundsException: Index: 2, Size: 2
	at org.apache.storm.utils.DisruptorQueue.consumeBatchToCursor(DisruptorQueue.java:464) ~[storm-core-1.0.2.jar:1.0.2]
	at org.apache.storm.utils.DisruptorQueue.consumeBatchWhenAvailable(DisruptorQueue.java:430) ~[storm-core-1.0.2.jar:1.0.2]
	at org.apache.storm.disruptor$consume_batch_when_available.invoke(disruptor.clj:73) ~[storm-core-1.0.2.jar:1.0.2]
	at org.apache.storm.daemon.executor$fn__8058$fn__8071$fn__8124.invoke(executor.clj:850) ~[storm-core-1.0.2.jar:1.0.2]
	at org.apache.storm.util$async_loop$fn__624.invoke(util.clj:484) [storm-core-1.0.2.jar:1.0.2]
	at clojure.lang.AFn.run(AFn.java:22) [clojure-1.7.0.jar:?]
	at java.lang.Thread.run(Thread.java:745) [?:1.8.0_77]
Caused by: java.lang.IndexOutOfBoundsException: Index: 2, Size: 2
	at java.util.ArrayList.rangeCheck(ArrayList.java:653) ~[?:1.8.0_77]
	at java.util.ArrayList.get(ArrayList.java:429) ~[?:1.8.0_77]
	at com.enow.daos.redisDAO.NodeDAO.getNode(NodeDAO.java:82) ~[classes/:?]
	at com.enow.storm.ActionTopology.SchedulingBolt.execute(SchedulingBolt.java:102) ~[classes/:?]
	at org.apache.storm.daemon.executor$fn__8058$tuple_action_fn__8060.invoke(executor.clj:731) ~[storm-core-1.0.2.jar:1.0.2]
	at org.apache.storm.daemon.executor$mk_task_receiver$fn__7979.invoke(executor.clj:464) ~[storm-core-1.0.2.jar:1.0.2]
	at org.apache.storm.disruptor$clojure_handler$reify__7492.onEvent(disruptor.clj:40) ~[storm-core-1.0.2.jar:1.0.2]
	at org.apache.storm.utils.DisruptorQueue.consumeBatchToCursor(DisruptorQueue.java:451) ~[storm-core-1.0.2.jar:1.0.2]
	... 6 more
11:29:55 [Thread-28-scheduling-bolt-executor[5 5]] ERROR org.apache.storm.util - Halting process: ("Worker died")
java.lang.RuntimeException: ("Worker died")
	at org.apache.storm.util$exit_process_BANG_.doInvoke(util.clj:341) [storm-core-1.0.2.jar:1.0.2]
	at clojure.lang.RestFn.invoke(RestFn.java:423) [clojure-1.7.0.jar:?]
	at org.apache.storm.daemon.worker$fn__8659$fn__8660.invoke(worker.clj:761) [storm-core-1.0.2.jar:1.0.2]
	at org.apache.storm.daemon.executor$mk_executor_data$fn__7875$fn__7876.invoke(executor.clj:274) [storm-core-1.0.2.jar:1.0.2]
	at org.apache.storm.util$async_loop$fn__624.invoke(util.clj:494) [storm-core-1.0.2.jar:1.0.2]
	at clojure.lang.AFn.run(AFn.java:22) [clojure-1.7.0.jar:?]
	at java.lang.Thread.run(Thread.java:745) [?:1.8.0_77]
12:53:46 [Thread-28-scheduling-bolt-executor[5 5]] DEBUG com.enow.storm.ActionTopology.SchedulingBolt - Entering SchedulingBolt
12:53:46 [Thread-28-scheduling-bolt-executor[5 5]] DEBUG com.enow.storm.ActionTopology.SchedulingBolt - Succeed in inserting messages to _jsonObject : {"roadMapId":"1","incomingNode":[],"payload":{},"lastNode":false,"verified":true,"topic":"enow\/serverId1\/brokerId1\/deviceId1","mapId":"1","outingNode":["11","13"],"previousData":{"2":"value1","4":"value2"},"order":true}
12:53:46 [Thread-28-scheduling-bolt-executor[5 5]] WARN  com.enow.storm.ActionTopology.SchedulingBolt - Succeed in inserting current node to Redis : 1-1
12:53:46 [Thread-28-scheduling-bolt-executor[5 5]] DEBUG com.enow.storm.ActionTopology.SchedulingBolt - input = [source: trigger-spout:8, stream: default, id: {-4994800758806091423=-8633193060561447459}, [{"topic":"enow/serverId1/brokerId1/deviceId1","roadMapId":"1","mapId":"1","incomingNode":[],"outingNode":["11", "13"],"previousData":{"2" : "value1", "4" : "value2"},"payload": {},"lastNode":false,"order":true,"verified":true}]]
12:53:46 [Thread-20-executing-bolt-executor[3 3]] DEBUG com.enow.storm.ActionTopology.ProvisioningBolt - input = [source: scheduling-bolt:5, stream: default, id: {}, [{"roadMapId":"1","incomingNode":[],"payload":{"succeed":"great!"},"lastNode":false,"verified":true,"topic":"enow\/serverId1\/brokerId1\/deviceId1","mapId":"1","outingNode":["11","13"],"previousData":{"2":"value1","4":"value2"},"order":true}]]
12:53:46 [Thread-30-provisioning-bolt-executor[4 4]] DEBUG com.enow.storm.ActionTopology.ProvisioningBolt - input = [source: executing-bolt:3, stream: default, id: {}, [{"roadMapId":"1","incomingNode":[],"payload":{"succeed":"great!"},"lastNode":false,"verified":true,"topic":"enow\/serverId1\/brokerId1\/deviceId1","mapId":"1","outingNode":["11","13"],"previousData":{"2":"value1","4":"value2"},"order":true}]]
12:53:46 [Thread-16-calling-feed-bolt-executor[2 2]] DEBUG com.enow.storm.ActionTopology.CallingFeedBolt - input = [source: provisioning-bolt:4, stream: default, id: {}, [{"roadMapId":"1","incomingNode":[],"payload":{"succeed":"great!"},"lastNode":false,"verified":true,"topic":"enow\/serverId1\/brokerId1\/deviceId1","mapId":"13","outingNode":["11","13"],"previousData":{"2":"value1","4":"value2"},"order":true}]]
14:23:17 [Thread-18-status-spout-executor[7 7]] ERROR org.apache.storm.kafka.DynamicBrokersReader - Node /brokers/ids/0 does not exist 
14:23:17 [Thread-14-trigger-spout-executor[8 8]] ERROR org.apache.storm.kafka.DynamicBrokersReader - Node /brokers/ids/0 does not exist 
14:23:17 [Thread-18-status-spout-executor[7 7]] ERROR org.apache.storm.kafka.DynamicBrokersReader - Node /brokers/ids/0 does not exist 
14:23:17 [Thread-14-trigger-spout-executor[8 8]] ERROR org.apache.storm.kafka.DynamicBrokersReader - Node /brokers/ids/0 does not exist 
14:23:33 [Thread-18-status-spout-executor[7 7]] ERROR org.apache.storm.kafka.DynamicBrokersReader - Node /brokers/ids/0 does not exist 
14:23:33 [Thread-14-trigger-spout-executor[8 8]] ERROR org.apache.storm.kafka.DynamicBrokersReader - Node /brokers/ids/0 does not exist 
14:23:33 [Thread-18-status-spout-executor[7 7]] ERROR org.apache.storm.kafka.DynamicBrokersReader - Node /brokers/ids/0 does not exist 
14:23:33 [Thread-14-trigger-spout-executor[8 8]] ERROR org.apache.storm.kafka.DynamicBrokersReader - Node /brokers/ids/0 does not exist 
14:24:14 [Thread-28-scheduling-bolt-executor[5 5]] DEBUG com.enow.storm.ActionTopology.SchedulingBolt - Entering SchedulingBolt
14:24:14 [Thread-28-scheduling-bolt-executor[5 5]] DEBUG com.enow.storm.ActionTopology.SchedulingBolt - Succeed in inserting messages to _jsonObject : {"roadMapId":"1","incomingNode":[],"payload":{},"lastNode":false,"verified":true,"topic":"enow\/serverId1\/brokerId1\/deviceId1","mapId":"1","outingNode":["11","13"],"previousData":{"2":"value1","4":"value2"},"order":true}
14:24:14 [Thread-28-scheduling-bolt-executor[5 5]] DEBUG com.enow.storm.ActionTopology.SchedulingBolt - This _jsonObject isn't verified : {}
14:24:14 [Thread-28-scheduling-bolt-executor[5 5]] DEBUG com.enow.storm.ActionTopology.SchedulingBolt - input = [source: trigger-spout:8, stream: default, id: {-3496991328762220774=-1410433302582277138}, [{"topic":"enow/serverId1/brokerId1/deviceId1","roadMapId":"1","mapId":"1","incomingNode":[],"outingNode":["11", "13"],"previousData":{"2" : "value1", "4" : "value2"},"payload": {},"lastNode":false,"order":true,"verified":true}]]
14:24:14 [Thread-20-executing-bolt-executor[3 3]] DEBUG com.enow.storm.ActionTopology.ProvisioningBolt - input = [source: scheduling-bolt:5, stream: default, id: {}, [{"roadMapId":"1","incomingNode":[],"payload":{},"lastNode":false,"verified":false,"topic":"enow\/serverId1\/brokerId1\/deviceId1","mapId":"1","outingNode":["11","13"],"previousData":{"2":"value1","4":"value2"},"order":true}]]
14:24:14 [Thread-30-provisioning-bolt-executor[4 4]] DEBUG com.enow.storm.ActionTopology.ProvisioningBolt - input = [source: executing-bolt:3, stream: default, id: {}, [{"roadMapId":"1","incomingNode":[],"payload":{},"lastNode":false,"verified":false,"topic":"enow\/serverId1\/brokerId1\/deviceId1","mapId":"1","outingNode":["11","13"],"previousData":{"2":"value1","4":"value2"},"order":true}]]
14:24:14 [Thread-16-calling-feed-bolt-executor[2 2]] DEBUG com.enow.storm.ActionTopology.CallingFeedBolt - input = [source: provisioning-bolt:4, stream: default, id: {}, [{"roadMapId":"1","incomingNode":[],"payload":{},"lastNode":false,"verified":false,"topic":"enow\/serverId1\/brokerId1\/deviceId1","mapId":"1","outingNode":["11","13"],"previousData":{"2":"value1","4":"value2"},"order":true}]]
14:25:35 [Thread-28-scheduling-bolt-executor[5 5]] DEBUG com.enow.storm.ActionTopology.SchedulingBolt - Entering SchedulingBolt
14:25:35 [Thread-28-scheduling-bolt-executor[5 5]] DEBUG com.enow.storm.ActionTopology.SchedulingBolt - Succeed in inserting messages to _jsonObject : {"roadMapId":"1","incomingNode":[],"payload":{},"lastNode":false,"verified":true,"topic":"enow\/serverId1\/brokerId1\/deviceId1","mapId":"1","outingNode":["11","13"],"previousData":{"2":"value1","4":"value2"},"order":true}
14:25:35 [Thread-28-scheduling-bolt-executor[5 5]] DEBUG com.enow.storm.ActionTopology.SchedulingBolt - Succeed in inserting previousData to _jsonObject : {}
14:25:35 [Thread-28-scheduling-bolt-executor[5 5]] WARN  com.enow.storm.ActionTopology.SchedulingBolt - Succeed in inserting current node to Redis : 1-1
14:25:35 [Thread-28-scheduling-bolt-executor[5 5]] DEBUG com.enow.storm.ActionTopology.SchedulingBolt - input = [source: trigger-spout:8, stream: default, id: {5616310164565094578=-8919771492009672072}, [{"topic":"enow/serverId1/brokerId1/deviceId1","roadMapId":"1","mapId":"1","incomingNode":[],"outingNode":["11", "13"],"previousData":{"2" : "value1", "4" : "value2"},"payload": {},"lastNode":false,"order":true,"verified":true}]]
14:25:35 [Thread-20-executing-bolt-executor[3 3]] DEBUG com.enow.storm.ActionTopology.ProvisioningBolt - input = [source: scheduling-bolt:5, stream: default, id: {}, [{"roadMapId":"1","incomingNode":[],"payload":{"succeed":"great!"},"lastNode":false,"verified":true,"topic":"enow\/serverId1\/brokerId1\/deviceId1","mapId":"1","outingNode":["11","13"],"previousData":{},"order":true}]]
14:25:35 [Thread-30-provisioning-bolt-executor[4 4]] DEBUG com.enow.storm.ActionTopology.ProvisioningBolt - input = [source: executing-bolt:3, stream: default, id: {}, [{"roadMapId":"1","incomingNode":[],"payload":{"succeed":"great!"},"lastNode":false,"verified":true,"topic":"enow\/serverId1\/brokerId1\/deviceId1","mapId":"1","outingNode":["11","13"],"previousData":{},"order":true}]]
14:25:36 [Thread-16-calling-feed-bolt-executor[2 2]] DEBUG com.enow.storm.ActionTopology.CallingFeedBolt - input = [source: provisioning-bolt:4, stream: default, id: {}, [{"roadMapId":"1","incomingNode":[],"payload":{"succeed":"great!"},"lastNode":false,"verified":true,"topic":"enow\/serverId1\/brokerId1\/deviceId1","mapId":"13","outingNode":["11","13"],"previousData":{},"order":true}]]
14:27:27 [Thread-28-scheduling-bolt-executor[5 5]] DEBUG com.enow.storm.ActionTopology.SchedulingBolt - Entering SchedulingBolt
14:27:27 [Thread-28-scheduling-bolt-executor[5 5]] DEBUG com.enow.storm.ActionTopology.SchedulingBolt - Succeed in inserting messages to _jsonObject : {"roadMapId":"1","incomingNode":["1","3"],"payload":{"succeed":"great!"},"verified":true,"lastNode":false,"topic":"enow\/serverId1\/brokerId1\/deviceId2","mapId":"2","outingNode":["6","7"],"previousData":null,"order":false}
14:27:27 [Thread-28-scheduling-bolt-executor[5 5]] ERROR org.apache.storm.util - Async loop died!
java.lang.RuntimeException: java.lang.NullPointerException
	at org.apache.storm.utils.DisruptorQueue.consumeBatchToCursor(DisruptorQueue.java:464) ~[storm-core-1.0.2.jar:1.0.2]
	at org.apache.storm.utils.DisruptorQueue.consumeBatchWhenAvailable(DisruptorQueue.java:430) ~[storm-core-1.0.2.jar:1.0.2]
	at org.apache.storm.disruptor$consume_batch_when_available.invoke(disruptor.clj:73) ~[storm-core-1.0.2.jar:1.0.2]
	at org.apache.storm.daemon.executor$fn__8058$fn__8071$fn__8124.invoke(executor.clj:850) ~[storm-core-1.0.2.jar:1.0.2]
	at org.apache.storm.util$async_loop$fn__624.invoke(util.clj:484) [storm-core-1.0.2.jar:1.0.2]
	at clojure.lang.AFn.run(AFn.java:22) [clojure-1.7.0.jar:?]
	at java.lang.Thread.run(Thread.java:745) [?:1.8.0_77]
Caused by: java.lang.NullPointerException
	at com.enow.storm.ActionTopology.SchedulingBolt.execute(SchedulingBolt.java:69) ~[classes/:?]
	at org.apache.storm.daemon.executor$fn__8058$tuple_action_fn__8060.invoke(executor.clj:731) ~[storm-core-1.0.2.jar:1.0.2]
	at org.apache.storm.daemon.executor$mk_task_receiver$fn__7979.invoke(executor.clj:464) ~[storm-core-1.0.2.jar:1.0.2]
	at org.apache.storm.disruptor$clojure_handler$reify__7492.onEvent(disruptor.clj:40) ~[storm-core-1.0.2.jar:1.0.2]
	at org.apache.storm.utils.DisruptorQueue.consumeBatchToCursor(DisruptorQueue.java:451) ~[storm-core-1.0.2.jar:1.0.2]
	... 6 more
14:27:27 [Thread-28-scheduling-bolt-executor[5 5]] ERROR org.apache.storm.daemon.executor - 
java.lang.RuntimeException: java.lang.NullPointerException
	at org.apache.storm.utils.DisruptorQueue.consumeBatchToCursor(DisruptorQueue.java:464) ~[storm-core-1.0.2.jar:1.0.2]
	at org.apache.storm.utils.DisruptorQueue.consumeBatchWhenAvailable(DisruptorQueue.java:430) ~[storm-core-1.0.2.jar:1.0.2]
	at org.apache.storm.disruptor$consume_batch_when_available.invoke(disruptor.clj:73) ~[storm-core-1.0.2.jar:1.0.2]
	at org.apache.storm.daemon.executor$fn__8058$fn__8071$fn__8124.invoke(executor.clj:850) ~[storm-core-1.0.2.jar:1.0.2]
	at org.apache.storm.util$async_loop$fn__624.invoke(util.clj:484) [storm-core-1.0.2.jar:1.0.2]
	at clojure.lang.AFn.run(AFn.java:22) [clojure-1.7.0.jar:?]
	at java.lang.Thread.run(Thread.java:745) [?:1.8.0_77]
Caused by: java.lang.NullPointerException
	at com.enow.storm.ActionTopology.SchedulingBolt.execute(SchedulingBolt.java:69) ~[classes/:?]
	at org.apache.storm.daemon.executor$fn__8058$tuple_action_fn__8060.invoke(executor.clj:731) ~[storm-core-1.0.2.jar:1.0.2]
	at org.apache.storm.daemon.executor$mk_task_receiver$fn__7979.invoke(executor.clj:464) ~[storm-core-1.0.2.jar:1.0.2]
	at org.apache.storm.disruptor$clojure_handler$reify__7492.onEvent(disruptor.clj:40) ~[storm-core-1.0.2.jar:1.0.2]
	at org.apache.storm.utils.DisruptorQueue.consumeBatchToCursor(DisruptorQueue.java:451) ~[storm-core-1.0.2.jar:1.0.2]
	... 6 more
14:27:27 [Thread-28-scheduling-bolt-executor[5 5]] ERROR org.apache.storm.util - Halting process: ("Worker died")
java.lang.RuntimeException: ("Worker died")
	at org.apache.storm.util$exit_process_BANG_.doInvoke(util.clj:341) [storm-core-1.0.2.jar:1.0.2]
	at clojure.lang.RestFn.invoke(RestFn.java:423) [clojure-1.7.0.jar:?]
	at org.apache.storm.daemon.worker$fn__8659$fn__8660.invoke(worker.clj:761) [storm-core-1.0.2.jar:1.0.2]
	at org.apache.storm.daemon.executor$mk_executor_data$fn__7875$fn__7876.invoke(executor.clj:274) [storm-core-1.0.2.jar:1.0.2]
	at org.apache.storm.util$async_loop$fn__624.invoke(util.clj:494) [storm-core-1.0.2.jar:1.0.2]
	at clojure.lang.AFn.run(AFn.java:22) [clojure-1.7.0.jar:?]
	at java.lang.Thread.run(Thread.java:745) [?:1.8.0_77]
14:29:04 [Thread-28-scheduling-bolt-executor[5 5]] DEBUG com.enow.storm.ActionTopology.SchedulingBolt - Entering SchedulingBolt
14:29:04 [Thread-28-scheduling-bolt-executor[5 5]] DEBUG com.enow.storm.ActionTopology.SchedulingBolt - Succeed in inserting messages to _jsonObject : {"roadMapId":"1","incomingNode":[],"payload":{},"lastNode":false,"verified":true,"topic":"enow\/serverId1\/brokerId1\/deviceId1","mapId":"1","outingNode":["11","13"],"previousData":{"2":"value1","4":"value2"},"order":false}
14:29:04 [Thread-28-scheduling-bolt-executor[5 5]] ERROR org.apache.storm.util - Async loop died!
java.lang.RuntimeException: java.lang.NullPointerException
	at org.apache.storm.utils.DisruptorQueue.consumeBatchToCursor(DisruptorQueue.java:464) ~[storm-core-1.0.2.jar:1.0.2]
	at org.apache.storm.utils.DisruptorQueue.consumeBatchWhenAvailable(DisruptorQueue.java:430) ~[storm-core-1.0.2.jar:1.0.2]
	at org.apache.storm.disruptor$consume_batch_when_available.invoke(disruptor.clj:73) ~[storm-core-1.0.2.jar:1.0.2]
	at org.apache.storm.daemon.executor$fn__8058$fn__8071$fn__8124.invoke(executor.clj:850) ~[storm-core-1.0.2.jar:1.0.2]
	at org.apache.storm.util$async_loop$fn__624.invoke(util.clj:484) [storm-core-1.0.2.jar:1.0.2]
	at clojure.lang.AFn.run(AFn.java:22) [clojure-1.7.0.jar:?]
	at java.lang.Thread.run(Thread.java:745) [?:1.8.0_77]
Caused by: java.lang.NullPointerException
	at com.enow.storm.ActionTopology.SchedulingBolt.execute(SchedulingBolt.java:69) ~[classes/:?]
	at org.apache.storm.daemon.executor$fn__8058$tuple_action_fn__8060.invoke(executor.clj:731) ~[storm-core-1.0.2.jar:1.0.2]
	at org.apache.storm.daemon.executor$mk_task_receiver$fn__7979.invoke(executor.clj:464) ~[storm-core-1.0.2.jar:1.0.2]
	at org.apache.storm.disruptor$clojure_handler$reify__7492.onEvent(disruptor.clj:40) ~[storm-core-1.0.2.jar:1.0.2]
	at org.apache.storm.utils.DisruptorQueue.consumeBatchToCursor(DisruptorQueue.java:451) ~[storm-core-1.0.2.jar:1.0.2]
	... 6 more
14:29:04 [Thread-28-scheduling-bolt-executor[5 5]] ERROR org.apache.storm.daemon.executor - 
java.lang.RuntimeException: java.lang.NullPointerException
	at org.apache.storm.utils.DisruptorQueue.consumeBatchToCursor(DisruptorQueue.java:464) ~[storm-core-1.0.2.jar:1.0.2]
	at org.apache.storm.utils.DisruptorQueue.consumeBatchWhenAvailable(DisruptorQueue.java:430) ~[storm-core-1.0.2.jar:1.0.2]
	at org.apache.storm.disruptor$consume_batch_when_available.invoke(disruptor.clj:73) ~[storm-core-1.0.2.jar:1.0.2]
	at org.apache.storm.daemon.executor$fn__8058$fn__8071$fn__8124.invoke(executor.clj:850) ~[storm-core-1.0.2.jar:1.0.2]
	at org.apache.storm.util$async_loop$fn__624.invoke(util.clj:484) [storm-core-1.0.2.jar:1.0.2]
	at clojure.lang.AFn.run(AFn.java:22) [clojure-1.7.0.jar:?]
	at java.lang.Thread.run(Thread.java:745) [?:1.8.0_77]
Caused by: java.lang.NullPointerException
	at com.enow.storm.ActionTopology.SchedulingBolt.execute(SchedulingBolt.java:69) ~[classes/:?]
	at org.apache.storm.daemon.executor$fn__8058$tuple_action_fn__8060.invoke(executor.clj:731) ~[storm-core-1.0.2.jar:1.0.2]
	at org.apache.storm.daemon.executor$mk_task_receiver$fn__7979.invoke(executor.clj:464) ~[storm-core-1.0.2.jar:1.0.2]
	at org.apache.storm.disruptor$clojure_handler$reify__7492.onEvent(disruptor.clj:40) ~[storm-core-1.0.2.jar:1.0.2]
	at org.apache.storm.utils.DisruptorQueue.consumeBatchToCursor(DisruptorQueue.java:451) ~[storm-core-1.0.2.jar:1.0.2]
	... 6 more
14:29:04 [Thread-28-scheduling-bolt-executor[5 5]] ERROR org.apache.storm.util - Halting process: ("Worker died")
java.lang.RuntimeException: ("Worker died")
	at org.apache.storm.util$exit_process_BANG_.doInvoke(util.clj:341) [storm-core-1.0.2.jar:1.0.2]
	at clojure.lang.RestFn.invoke(RestFn.java:423) [clojure-1.7.0.jar:?]
	at org.apache.storm.daemon.worker$fn__8659$fn__8660.invoke(worker.clj:761) [storm-core-1.0.2.jar:1.0.2]
	at org.apache.storm.daemon.executor$mk_executor_data$fn__7875$fn__7876.invoke(executor.clj:274) [storm-core-1.0.2.jar:1.0.2]
	at org.apache.storm.util$async_loop$fn__624.invoke(util.clj:494) [storm-core-1.0.2.jar:1.0.2]
	at clojure.lang.AFn.run(AFn.java:22) [clojure-1.7.0.jar:?]
	at java.lang.Thread.run(Thread.java:745) [?:1.8.0_77]
14:29:37 [Thread-28-scheduling-bolt-executor[5 5]] DEBUG com.enow.storm.ActionTopology.SchedulingBolt - Entering SchedulingBolt
14:29:37 [Thread-28-scheduling-bolt-executor[5 5]] DEBUG com.enow.storm.ActionTopology.SchedulingBolt - Succeed in inserting messages to _jsonObject : {"roadMapId":"1","incomingNode":[],"payload":{},"lastNode":false,"verified":true,"topic":"enow\/serverId1\/brokerId1\/deviceId1","mapId":"1","outingNode":["11","13"],"previousData":{"2":"value1","4":"value2"},"order":true}
14:29:37 [Thread-28-scheduling-bolt-executor[5 5]] DEBUG com.enow.storm.ActionTopology.SchedulingBolt - Succeed in inserting previousData to _jsonObject : {}
14:29:37 [Thread-28-scheduling-bolt-executor[5 5]] WARN  com.enow.storm.ActionTopology.SchedulingBolt - Succeed in inserting current node to Redis : 1-1
14:29:37 [Thread-28-scheduling-bolt-executor[5 5]] DEBUG com.enow.storm.ActionTopology.SchedulingBolt - input = [source: trigger-spout:8, stream: default, id: {1128903569101836576=-2009884413953835297}, [{"topic":"enow/serverId1/brokerId1/deviceId1","roadMapId":"1","mapId":"1","incomingNode":[],"outingNode":["11", "13"],"previousData":{"2" : "value1", "4" : "value2"},"payload": {},"lastNode":false,"order":true,"verified":true}]]
14:29:37 [Thread-20-executing-bolt-executor[3 3]] DEBUG com.enow.storm.ActionTopology.ProvisioningBolt - input = [source: scheduling-bolt:5, stream: default, id: {}, [{"roadMapId":"1","incomingNode":[],"payload":{"succeed":"great!"},"lastNode":false,"verified":true,"topic":"enow\/serverId1\/brokerId1\/deviceId1","mapId":"1","outingNode":["11","13"],"previousData":{},"order":true}]]
14:29:37 [Thread-30-provisioning-bolt-executor[4 4]] DEBUG com.enow.storm.ActionTopology.ProvisioningBolt - input = [source: executing-bolt:3, stream: default, id: {}, [{"roadMapId":"1","incomingNode":[],"payload":{"succeed":"great!"},"lastNode":false,"verified":true,"topic":"enow\/serverId1\/brokerId1\/deviceId1","mapId":"1","outingNode":["11","13"],"previousData":{},"order":true}]]
14:29:37 [Thread-16-calling-feed-bolt-executor[2 2]] DEBUG com.enow.storm.ActionTopology.CallingFeedBolt - input = [source: provisioning-bolt:4, stream: default, id: {}, [{"roadMapId":"1","incomingNode":[],"payload":{"succeed":"great!"},"lastNode":false,"verified":true,"topic":"enow\/serverId1\/brokerId1\/deviceId1","mapId":"13","outingNode":["11","13"],"previousData":{},"order":true}]]
